#
# A fatal error has been detected by the Java Runtime Environment:
#
#  EXCEPTION_ACCESS_VIOLATION (0xc0000005) at pc=0x00007fff1f924bcf, pid=16932, tid=10732
#
# JRE version: Java(TM) SE Runtime Environment (9.0+11) (build 9.0.4+11)
# Java VM: Java HotSpot(TM) 64-Bit Server VM (9.0.4+11, mixed mode, tiered, compressed oops, g1 gc, windows-amd64)
# Problematic frame:
# C  0x00007fff1f924bcf
#
# No core dump will be written. Minidumps are not enabled by default on client versions of Windows
#
# If you would like to submit a bug report, please visit:
#   http://bugreport.java.com/bugreport/crash.jsp
# The crash happened outside the Java Virtual Machine in native code.
# See problematic frame for where to report the bug.
#

---------------  S U M M A R Y ------------

Command Line: -Dsun.java2d.pmoffscreen=false -Dsun.java2d.xrender=false -Dsun.java2d.d3d=false -Dsun.awt.nopixfmt=true -Dsun.java2d.dpiaware=true -Dsun.java2d.uiScale.enabled=false -Xverify:none -Dswing.aatext=true -XX:-UsePerfData -Djdk.map.althashing.threshold=512 -XX:StringTableSize=4072 --add-opens=java.base/java.nio=ALL-UNNAMED --add-opens=java.desktop/sun.swing=ALL-UNNAMED --add-opens=java.desktop/javax.swing=ALL-UNNAMED --add-opens=java.desktop/javax.swing.tree=ALL-UNNAMED --add-opens=java.desktop/javax.swing.plaf.basic=ALL-UNNAMED --add-opens=java.desktop/javax.swing.plaf.synth=ALL-UNNAMED --add-opens=java.desktop/com.sun.awt=ALL-UNNAMED -XX:NewSize=60m -XX:MaxNewSize=60m -Xms128m -Xmx3072m -Xss5m 

Host: Intel(R) Core(TM) i3-7100 CPU @ 3.90GHz, 4 cores, 7G,  Windows 10 , 64 bit Build 17763 (10.0.17763.475)
Time: Fri Oct 25 21:06:02 2019 ?D1¨²¡À¨º¡Á?¨º¡À?? elapsed time: 17126 seconds (0d 4h 45m 26s)

---------------  T H R E A D  ---------------

Current thread (0x000001eab72c9000):  JavaThread "AWT-EventQueue-0" [_thread_in_native, id=10732, stack(0x0000009397800000,0x0000009397d00000)]

Stack: [0x0000009397800000,0x0000009397d00000],  sp=0x0000009397cfb270,  free space=5100k
Native frames: (J=compiled Java code, j=interpreted, Vv=VM code, C=native code)

Java frames: (J=compiled Java code, j=interpreted, Vv=VM code)
j  ui.frmwork.tcltasksi.abortNow()V+0
j  ui.bm.b(Ljava/awt/Component;)Z+72
j  ui.ci.windowClosing(Ljava/awt/event/WindowEvent;)V+79
j  java.awt.AWTEventMulticaster.windowClosing(Ljava/awt/event/WindowEvent;)V+21 java.desktop@9.0.4
j  java.awt.AWTEventMulticaster.windowClosing(Ljava/awt/event/WindowEvent;)V+8 java.desktop@9.0.4
j  java.awt.AWTEventMulticaster.windowClosing(Ljava/awt/event/WindowEvent;)V+8 java.desktop@9.0.4
j  java.awt.AWTEventMulticaster.windowClosing(Ljava/awt/event/WindowEvent;)V+8 java.desktop@9.0.4
J 21631 c1 java.awt.Window.processWindowEvent(Ljava/awt/event/WindowEvent;)V java.desktop@9.0.4 (127 bytes) @ 0x000001eac13a70f4 [0x000001eac13a6ae0+0x0000000000000614]
j  javax.swing.JFrame.processWindowEvent(Ljava/awt/event/WindowEvent;)V+2 java.desktop@9.0.4
J 20230 c1 java.awt.Window.processEvent(Ljava/awt/AWTEvent;)V java.desktop@9.0.4 (101 bytes) @ 0x000001eac0498b54 [0x000001eac0498460+0x00000000000006f4]
J 20990 c2 java.awt.Component.dispatchEventImpl(Ljava/awt/AWTEvent;)V java.desktop@9.0.4 (739 bytes) @ 0x000001eac76dce44 [0x000001eac76dc0c0+0x0000000000000d84]
J 20834 c2 java.awt.Container.dispatchEventImpl(Ljava/awt/AWTEvent;)V java.desktop@9.0.4 (129 bytes) @ 0x000001eac7352258 [0x000001eac7352200+0x0000000000000058]
J 20741 c2 java.awt.Window.dispatchEventImpl(Ljava/awt/AWTEvent;)V java.desktop@9.0.4 (23 bytes) @ 0x000001eac6afc98c [0x000001eac6afc940+0x000000000000004c]
J 12875 c2 java.awt.EventQueue$3.run()Ljava/lang/Object; java.desktop@9.0.4 (5 bytes) @ 0x000001eac65643d4 [0x000001eac6564220+0x00000000000001b4]
v  ~StubRoutines::call_stub
J 4123  java.security.AccessController.doPrivileged(Ljava/security/PrivilegedAction;Ljava/security/AccessControlContext;)Ljava/lang/Object; java.base@9.0.4 (0 bytes) @ 0x000001eac63f8bc6 [0x000001eac63f8b60+0x0000000000000066]
J 19127 c2 java.awt.EventQueue$4.run()Ljava/lang/Object; java.desktop@9.0.4 (5 bytes) @ 0x000001eac6d45f40 [0x000001eac6d45ce0+0x0000000000000260]
v  ~StubRoutines::call_stub
J 4123  java.security.AccessController.doPrivileged(Ljava/security/PrivilegedAction;Ljava/security/AccessControlContext;)Ljava/lang/Object; java.base@9.0.4 (0 bytes) @ 0x000001eac63f8bc6 [0x000001eac63f8b60+0x0000000000000066]
J 12754 c2 java.awt.EventQueue.dispatchEvent(Ljava/awt/AWTEvent;)V java.desktop@9.0.4 (80 bytes) @ 0x000001eac6d2c344 [0x000001eac6d2bdc0+0x0000000000000584]
J 16253 c2 java.awt.EventDispatchThread.pumpOneEventForFilters(I)V java.desktop@9.0.4 (218 bytes) @ 0x000001eac70d69d4 [0x000001eac70d6660+0x0000000000000374]
J 18679% c2 java.awt.EventDispatchThread.pumpEventsForFilter(ILjava/awt/Conditional;Ljava/awt/EventFilter;)V java.desktop@9.0.4 (47 bytes) @ 0x000001eac6721040 [0x000001eac6720f40+0x0000000000000100]
j  java.awt.EventDispatchThread.pumpEventsForHierarchy(ILjava/awt/Conditional;Ljava/awt/Component;)V+11 java.desktop@9.0.4
j  java.awt.EventDispatchThread.pumpEvents(ILjava/awt/Conditional;)V+4 java.desktop@9.0.4
j  java.awt.EventDispatchThread.pumpEvents(Ljava/awt/Conditional;)V+3 java.desktop@9.0.4
j  java.awt.EventDispatchThread.run()V+9 java.desktop@9.0.4
v  ~StubRoutines::call_stub

siginfo: EXCEPTION_ACCESS_VIOLATION (0xc0000005), reading address 0x0000000000000060


Register to memory mapping:

RIP=0x00007fff1f924bcf is an unknown value
RAX=0x00007fff1fd104b0 is an unknown value
RBX=0x000001eaa3427db0 is an unknown value
RCX=0x0000000000000006 is an unknown value
RDX=0x00007fff1fd104b0 is an unknown value
RSP=0x0000009397cfb270 is pointing into the stack for thread: 0x000001eab72c9000
RBP=0x0000000000000000 is an unknown value
RSI=0x0000000000000001 is an unknown value
RDI=0x000000000000000c is an unknown value
R8 =0x0000000000000000 is an unknown value
R9 =0x0000000000000004 is an unknown value
R10=0x000001eae8989890 is an unknown value
R11=0x0000009397cfb280 is pointing into the stack for thread: 0x000001eab72c9000
R12=0x00007fff1f939248 is an unknown value
R13={method} {0x000001ead94a7e10} 'abortNow' '()V' in 'ui/frmwork/tcltasksi'
R14=0x0000009397cfb488 is pointing into the stack for thread: 0x000001eab72c9000
R15=0x000001eab1f20010 is an unknown value


Registers:
RAX=0x00007fff1fd104b0, RBX=0x000001eaa3427db0, RCX=0x0000000000000006, RDX=0x00007fff1fd104b0
RSP=0x0000009397cfb270, RBP=0x0000000000000000, RSI=0x0000000000000001, RDI=0x000000000000000c
R8 =0x0000000000000000, R9 =0x0000000000000004, R10=0x000001eae8989890, R11=0x0000009397cfb280
R12=0x00007fff1f939248, R13=0x000001ead94a7e08, R14=0x0000009397cfb488, R15=0x000001eab1f20010
RIP=0x00007fff1f924bcf, EFLAGS=0x0000000000010206

Top of Stack: (sp=0x0000009397cfb270)
0x0000009397cfb270:   00007fff1f5e44c0 0000000000000001
0x0000009397cfb280:   0000000000000000 00007fff1f922662
0x0000009397cfb290:   fffffffffffffffe 0000000000000008
0x0000009397cfb2a0:   0000009397cfb488 000001eae6c09420
0x0000009397cfb2b0:   0000000000000001 00007fff1f922682
0x0000009397cfb2c0:   000001eaa3427db0 000001eae898dd40
0x0000009397cfb2d0:   0000000000000000 000001eaa3427db0
0x0000009397cfb2e0:   fffffffffffffffe 00002284895922a8
0x0000009397cfb2f0:   000001eae6c09420 00007fff1f922c89
0x0000009397cfb300:   000001eaa3427db0 000001eab1f20010
0x0000009397cfb310:   000001eab1f21148 00007fffa5eac7eb
0x0000009397cfb320:   fffffffffffffffe 000001ead94a7e08
0x0000009397cfb330:   000001eae6c09420 00007fff1f922da4
0x0000009397cfb340:   000001eaa3427db0 000001eaa3427db0
0x0000009397cfb350:   0000000000000001 000001ead94a7e08
0x0000009397cfb360:   fffffffffffffffe 00002004e6401704 

Instructions: (pc=0x00007fff1f924bcf)
0x00007fff1f924baf:   e8 5c b7 fa ff 48 8b d0 48 8b cb 48 c1 e9 03 48
0x00007fff1f924bbf:   03 cb 48 23 48 30 4c 8b 40 18 48 8b f9 48 03 ff
0x00007fff1f924bcf:   49 8b 3c f8 48 03 c9 4c 8d 0c cd 08 00 00 00 4d
0x00007fff1f924bdf:   8b 14 c8 4c 3b 52 08 75 06 48 8b 42 08 eb 07 4b 



---------------  P R O C E S S  ---------------

Java Threads: ( => current thread )
  0x000001eaa4a1d000 JavaThread "Close Hardware Target" [_thread_in_native, id=14984, stack(0x000000939b900000,0x000000939be00000)]
  0x000001eaa4a1c000 JavaThread "SyntheticaAnimation 50" daemon [_thread_blocked, id=13552, stack(0x000000939b300000,0x000000939b800000)]
  0x000001eaa4a1b800 JavaThread "Thread-16994" [_thread_in_native, id=16996, stack(0x000000939c100000,0x000000939c200000)]
  0x000001eaa4a19000 JavaThread "Thread-16993" [_thread_in_native, id=16492, stack(0x000000939bd00000,0x000000939be00000)]
  0x000001eadbc45800 JavaThread "Thread-13184" [_thread_in_native, id=17728, stack(0x000000939c000000,0x000000939c100000)]
  0x000001eadbc41800 JavaThread "Thread-13183" [_thread_in_native, id=17556, stack(0x000000939bc00000,0x000000939bd00000)]
  0x000001eadbc46000 JavaThread "Thread-857" [_thread_in_native, id=8080, stack(0x000000939c000000,0x000000939c100000)]
  0x000001eadbc43000 JavaThread "Thread-856" [_thread_in_native, id=13528, stack(0x000000939bc00000,0x000000939bd00000)]
  0x000001eadbc44800 JavaThread "Thread-535" [_thread_in_native, id=1868, stack(0x0000009391200000,0x0000009391300000)]
  0x000001eadbc3b800 JavaThread "Thread-203" [_thread_in_native, id=17248, stack(0x000000939cf00000,0x000000939d000000)]
  0x000001eadbc40000 JavaThread "Thread-200" [_thread_in_native, id=8348, stack(0x000000939b500000,0x000000939b600000)]
  0x000001eadbc42800 JavaThread "SyntheticaAnimation 50" daemon [_thread_blocked, id=9300, stack(0x000000939a300000,0x000000939a800000)]
  0x000001eadbc40800 JavaThread "hw_ila_monitor" [_thread_blocked, id=15408, stack(0x000000939ad00000,0x000000939b200000)]
  0x000001eadbc38800 JavaThread "Update Runs Swing Worker" [_thread_blocked, id=9840, stack(0x0000009398700000,0x0000009398c00000)]
  0x000001eadbc39000 JavaThread "Refresh Filesets Swing Worker" [_thread_blocked, id=16808, stack(0x0000009396e00000,0x0000009397300000)]
  0x000001eab6b51800 JavaThread "SyntheticaAnimation 70" daemon [_thread_blocked, id=15688, stack(0x000000939a800000,0x000000939ad00000)]
  0x000001eab6b50800 JavaThread "SyntheticaAnimation 25" daemon [_thread_blocked, id=16660, stack(0x0000009399e00000,0x000000939a300000)]
  0x000001eab6b4c000 JavaThread "SyntheticaAnimation 50" daemon [_thread_blocked, id=15984, stack(0x0000009399900000,0x0000009399e00000)]
  0x000001eab6b50000 JavaThread "Monitor HEventQueue" [_thread_blocked, id=17224, stack(0x0000009398c00000,0x0000009399100000)]
  0x000001eab6b4d000 JavaThread "Batik CleanerThread" daemon [_thread_blocked, id=16216, stack(0x0000009399100000,0x0000009399600000)]
  0x000001eab6b4b800 JavaThread "SyntheticaCleanerThread" daemon [_thread_blocked, id=2336, stack(0x0000009397d00000,0x0000009398200000)]
  0x000001ead8d6e000 JavaThread "Process Messages" [_thread_blocked, id=16684, stack(0x0000009398200000,0x0000009398700000)]
  0x000001ead8d6c800 JavaThread "Thread-1" [_thread_in_native, id=788, stack(0x0000009391500000,0x0000009392900000)]
=>0x000001eab72c9000 JavaThread "AWT-EventQueue-0" [_thread_in_native, id=10732, stack(0x0000009397800000,0x0000009397d00000)]
  0x000001eab72c8800 JavaThread "AWT-Shutdown" [_thread_blocked, id=216, stack(0x0000009397300000,0x0000009397800000)]
  0x000001eab72a5000 JavaThread "TimerQueue" daemon [_thread_blocked, id=15600, stack(0x0000009396400000,0x0000009396900000)]
  0x000001eab6fe2800 JavaThread "AWT-Windows" daemon [_thread_in_native, id=15872, stack(0x0000009396900000,0x0000009396e00000)]
  0x000001eab72a4800 JavaThread "Java2D Disposer" daemon [_thread_blocked, id=17096, stack(0x0000009395f00000,0x0000009396400000)]
  0x000001eab2662800 JavaThread "Service Thread" daemon [_thread_blocked, id=9912, stack(0x0000009395900000,0x0000009395e00000)]
  0x000001eab3751000 JavaThread "Common-Cleaner" daemon [_thread_blocked, id=14544, stack(0x0000009395400000,0x0000009395900000)]
  0x000001eab6b52000 JavaThread "Sweeper thread" daemon [_thread_blocked, id=17396, stack(0x0000009394f00000,0x0000009395400000)]
  0x000001eab352e800 JavaThread "C1 CompilerThread2" daemon [_thread_in_vm, id=11640, stack(0x0000009394e00000,0x0000009394f00000)]
  0x000001eab2923800 JavaThread "C2 CompilerThread1" daemon [_thread_blocked, id=13116, stack(0x0000009394d00000,0x0000009394e00000)]
  0x000001eab2923000 JavaThread "C2 CompilerThread0" daemon [_thread_blocked, id=16496, stack(0x0000009394c00000,0x0000009394d00000)]
  0x000001eab26c7000 JavaThread "Attach Listener" daemon [_thread_blocked, id=10932, stack(0x0000009394700000,0x0000009394c00000)]
  0x000001eab42cf000 JavaThread "Signal Dispatcher" daemon [_thread_blocked, id=14312, stack(0x0000009394200000,0x0000009394700000)]
  0x000001eab40fc000 JavaThread "Finalizer" daemon [_thread_blocked, id=17216, stack(0x0000009393d00000,0x0000009394200000)]
  0x000001eab40fb800 JavaThread "Reference Handler" daemon [_thread_blocked, id=17024, stack(0x0000009393800000,0x0000009393d00000)]
  0x000001eab3e7e000 JavaThread "main" [_thread_blocked, id=5564, stack(0x0000009392b00000,0x0000009392c00000)]

Other Threads:
  0x000001eab35db800 VMThread "VM Thread" [stack: 0x0000009393700000,0x0000009393800000] [id=5840]
  0x000001eab2663000 WatcherThread [stack: 0x0000009395e00000,0x0000009395f00000] [id=7940]
  0x000001eab5bef000 GCTaskThread "GC Thread#0" [stack: 0x0000009392c00000,0x0000009392d00000] [id=15572]
  0x000001eaae71a800 GCTaskThread "GC Thread#1" [stack: 0x0000009392d00000,0x0000009392e00000] [id=17136]
  0x000001eab5260800 GCTaskThread "GC Thread#2" [stack: 0x0000009392e00000,0x0000009392f00000] [id=11404]
  0x000001eab5050800 GCTaskThread "GC Thread#3" [stack: 0x0000009392f00000,0x0000009393000000] [id=14636]
  0x000001eab43de000 ConcurrentGCThread "G1 Main Marker" [stack: 0x0000009393500000,0x0000009393600000] [id=17012]
  0x000001eab357c800 ConcurrentGCThread "G1 Marker#0" [stack: 0x0000009393600000,0x0000009393700000] [id=14448]
  0x000001eab33c8800 ConcurrentGCThread "G1 Refine#0" [stack: 0x0000009393300000,0x0000009393400000] [id=17332]
  0x000001eab3720000 ConcurrentGCThread "G1 Refine#1" [stack: 0x0000009393200000,0x0000009393300000] [id=16964]
  0x000001eab371f800 ConcurrentGCThread "G1 Refine#2" [stack: 0x0000009393100000,0x0000009393200000] [id=13428]
  0x000001eab5c0f000 ConcurrentGCThread "G1 Refine#3" [stack: 0x0000009393000000,0x0000009393100000] [id=14380]
  0x000001eab33c9000 ConcurrentGCThread "G1 Young RemSet Sampling" [stack: 0x0000009393400000,0x0000009393500000] [id=13800]

Threads with active compile tasks:
C1 CompilerThread221890       3       java.awt.KeyboardFocusManager::isAutoFocusTransferEnabledFor (19 bytes)
C2 CompilerThread021889       4       sun.util.locale.BaseLocale$Key::<init> (305 bytes)

VM state:not at safepoint (normal execution)

VM Mutex/Monitor currently owned by a thread:  ([mutex/lock_event])
[0x000001eab5b55050] CodeCache_lock - owner thread: 0x000001eab352e800
[0x000001eab601c8b0] Compile_lock - owner thread: 0x000001eab352e800
[0x000001eab601d5a0] MethodCompileQueue_lock - owner thread: 0x000001eab352e800

Heap address: 0x0000000700000000, size: 3072 MB, Compressed Oops mode: Zero based, Oop shift amount: 3
Narrow klass base: 0x0000000000000000, Narrow klass shift: 3
Compressed class space size: 1073741824 Address: 0x00000007c0000000

Heap:
 garbage-first heap   total 256000K, used 124965K [0x0000000700000000, 0x00000007001007d0, 0x00000007c0000000)
  region size 1024K, 46 young (47104K), 2 survivors (2048K)
 Metaspace       used 81170K, capacity 83618K, committed 89264K, reserved 1126400K
  class space    used 10801K, capacity 11267K, committed 12464K, reserved 1048576K
Heap Regions: E=young(eden), S=young(survivor), O=old, HS=humongous(starts), HC=humongous(continues), CS=collection set, F=free, A=archive, TS=gc time stamp, AC=allocation context, TAMS=top-at-mark-start (previous, next)
|   0|0x0000000700000000, 0x00000007000f2490, 0x0000000700100000| 94%| O|  |TS  0|AC  0|TAMS 0x0000000700000000, 0x0000000700000000|
|   1|0x0000000700100000, 0x0000000700200000, 0x0000000700200000|100%|HS|  |TS  0|AC  0|TAMS 0x0000000700100000, 0x0000000700100000|
|   2|0x0000000700200000, 0x0000000700300000, 0x0000000700300000|100%|HC|  |TS  0|AC  0|TAMS 0x0000000700200000, 0x0000000700200000|
|   3|0x0000000700300000, 0x0000000700400000, 0x0000000700400000|100%|HS|  |TS  0|AC  0|TAMS 0x0000000700300000, 0x0000000700300000|
|   4|0x0000000700400000, 0x00000007004ffff0, 0x0000000700500000| 99%| O|  |TS  0|AC  0|TAMS 0x0000000700400000, 0x0000000700400000|
|   5|0x0000000700500000, 0x00000007005ffff0, 0x0000000700600000| 99%| O|  |TS  0|AC  0|TAMS 0x0000000700500000, 0x0000000700500000|
|   6|0x0000000700600000, 0x00000007006fffe0, 0x0000000700700000| 99%| O|  |TS  0|AC  0|TAMS 0x0000000700600000, 0x0000000700600000|
|   7|0x0000000700700000, 0x00000007007ffff0, 0x0000000700800000| 99%| O|  |TS  0|AC  0|TAMS 0x0000000700700000, 0x0000000700700000|
|   8|0x0000000700800000, 0x0000000700900000, 0x0000000700900000|100%| O|  |TS  0|AC  0|TAMS 0x0000000700800000, 0x0000000700800000|
|   9|0x0000000700900000, 0x00000007009fbbe0, 0x0000000700a00000| 98%| O|  |TS  0|AC  0|TAMS 0x0000000700900000, 0x0000000700900000|
|  10|0x0000000700a00000, 0x0000000700aec208, 0x0000000700b00000| 92%| O|  |TS  0|AC  0|TAMS 0x0000000700a00000, 0x0000000700a00000|
|  11|0x0000000700b00000, 0x0000000700beeab0, 0x0000000700c00000| 93%| O|  |TS  0|AC  0|TAMS 0x0000000700b00000, 0x0000000700b00000|
|  12|0x0000000700c00000, 0x0000000700d00000, 0x0000000700d00000|100%| O|  |TS  0|AC  0|TAMS 0x0000000700c00000, 0x0000000700c00000|
|  13|0x0000000700d00000, 0x0000000700dffff8, 0x0000000700e00000| 99%| O|  |TS  0|AC  0|TAMS 0x0000000700d00000, 0x0000000700d00000|
|  14|0x0000000700e00000, 0x0000000700edea70, 0x0000000700f00000| 86%| O|  |TS  0|AC  0|TAMS 0x0000000700e00000, 0x0000000700e00000|
|  15|0x0000000700f00000, 0x0000000700fff668, 0x0000000701000000| 99%| O|  |TS  0|AC  0|TAMS 0x0000000700f00000, 0x0000000700f00000|
|  16|0x0000000701000000, 0x00000007010fffe0, 0x0000000701100000| 99%| O|  |TS  0|AC  0|TAMS 0x0000000701000000, 0x0000000701000000|
|  17|0x0000000701100000, 0x00000007011ffff8, 0x0000000701200000| 99%| O|  |TS  0|AC  0|TAMS 0x0000000701100000, 0x0000000701100000|
|  18|0x0000000701200000, 0x00000007012ffff8, 0x0000000701300000| 99%| O|  |TS  0|AC  0|TAMS 0x0000000701200000, 0x0000000701200000|
|  19|0x0000000701300000, 0x00000007013fffe0, 0x0000000701400000| 99%| O|  |TS  0|AC  0|TAMS 0x0000000701300000, 0x0000000701300000|
|  20|0x0000000701400000, 0x00000007014ffe68, 0x0000000701500000| 99%| O|  |TS  0|AC  0|TAMS 0x0000000701400000, 0x0000000701400000|
|  21|0x0000000701500000, 0x0000000701600000, 0x0000000701600000|100%| O|  |TS  0|AC  0|TAMS 0x0000000701500000, 0x0000000701500000|
|  22|0x0000000701600000, 0x00000007016ffff8, 0x0000000701700000| 99%| O|  |TS  0|AC  0|TAMS 0x0000000701600000, 0x0000000701600000|
|  23|0x0000000701700000, 0x00000007017fffc0, 0x0000000701800000| 99%| O|  |TS  0|AC  0|TAMS 0x0000000701700000, 0x0000000701700000|
|  24|0x0000000701800000, 0x0000000701900000, 0x0000000701900000|100%| O|  |TS  0|AC  0|TAMS 0x0000000701800000, 0x0000000701800000|
|  25|0x0000000701900000, 0x00000007019ffff8, 0x0000000701a00000| 99%| O|  |TS  0|AC  0|TAMS 0x0000000701900000, 0x0000000701900000|
|  26|0x0000000701a00000, 0x0000000701afffd8, 0x0000000701b00000| 99%| O|  |TS  0|AC  0|TAMS 0x0000000701a00000, 0x0000000701a00000|
|  27|0x0000000701b00000, 0x0000000701bffe68, 0x0000000701c00000| 99%| O|  |TS  0|AC  0|TAMS 0x0000000701b00000, 0x0000000701b00000|
|  28|0x0000000701c00000, 0x0000000701cd3e90, 0x0000000701d00000| 82%| O|  |TS  0|AC  0|TAMS 0x0000000701c00000, 0x0000000701c00000|
|  29|0x0000000701d00000, 0x0000000701dffff8, 0x0000000701e00000| 99%| O|  |TS  0|AC  0|TAMS 0x0000000701d00000, 0x0000000701d00000|
|  30|0x0000000701e00000, 0x0000000701efff60, 0x0000000701f00000| 99%| O|  |TS  0|AC  0|TAMS 0x0000000701e00000, 0x0000000701e00000|
|  31|0x0000000701f00000, 0x0000000701ffffc8, 0x0000000702000000| 99%| O|  |TS  0|AC  0|TAMS 0x0000000701f00000, 0x0000000701f00000|
|  32|0x0000000702000000, 0x00000007020fff68, 0x0000000702100000| 99%| O|  |TS  0|AC  0|TAMS 0x0000000702000000, 0x0000000702000000|
|  33|0x0000000702100000, 0x00000007021ffff8, 0x0000000702200000| 99%| O|  |TS  0|AC  0|TAMS 0x0000000702100000, 0x0000000702100000|
|  34|0x0000000702200000, 0x00000007022ffff8, 0x0000000702300000| 99%| O|  |TS  0|AC  0|TAMS 0x0000000702200000, 0x0000000702200000|
|  35|0x0000000702300000, 0x0000000702400000, 0x0000000702400000|100%| O|  |TS  0|AC  0|TAMS 0x0000000702300000, 0x0000000702300000|
|  36|0x0000000702400000, 0x00000007024fffe8, 0x0000000702500000| 99%| O|  |TS  0|AC  0|TAMS 0x0000000702400000, 0x0000000702400000|
|  37|0x0000000702500000, 0x00000007025ffff8, 0x0000000702600000| 99%| O|  |TS  0|AC  0|TAMS 0x0000000702500000, 0x0000000702500000|
|  38|0x0000000702600000, 0x0000000702700000, 0x0000000702700000|100%| O|  |TS  0|AC  0|TAMS 0x0000000702600000, 0x0000000702600000|
|  39|0x0000000702700000, 0x00000007027ffff8, 0x0000000702800000| 99%| O|  |TS  0|AC  0|TAMS 0x0000000702700000, 0x0000000702700000|
|  40|0x0000000702800000, 0x00000007028ffff8, 0x0000000702900000| 99%| O|  |TS  0|AC  0|TAMS 0x0000000702800000, 0x0000000702800000|
|  41|0x0000000702900000, 0x00000007029fffd8, 0x0000000702a00000| 99%| O|  |TS  0|AC  0|TAMS 0x0000000702900000, 0x0000000702900000|
|  42|0x0000000702a00000, 0x0000000702aff6f0, 0x0000000702b00000| 99%| O|  |TS  0|AC  0|TAMS 0x0000000702a00000, 0x0000000702a00000|
|  43|0x0000000702b00000, 0x0000000702bffee0, 0x0000000702c00000| 99%| O|  |TS  0|AC  0|TAMS 0x0000000702b00000, 0x0000000702b00000|
|  44|0x0000000702c00000, 0x0000000702d00000, 0x0000000702d00000|100%| O|  |TS  0|AC  0|TAMS 0x0000000702c00000, 0x0000000702c00000|
|  45|0x0000000702d00000, 0x0000000702e00000, 0x0000000702e00000|100%|HS|  |TS  0|AC  0|TAMS 0x0000000702d00000, 0x0000000702d00000|
|  46|0x0000000702e00000, 0x0000000702effff0, 0x0000000702f00000| 99%| O|  |TS  0|AC  0|TAMS 0x0000000702e00000, 0x0000000702e00000|
|  47|0x0000000702f00000, 0x0000000702fffff8, 0x0000000703000000| 99%| O|  |TS  0|AC  0|TAMS 0x0000000702f00000, 0x0000000702f00000|
|  48|0x0000000703000000, 0x00000007030fffb0, 0x0000000703100000| 99%| O|  |TS  0|AC  0|TAMS 0x0000000703000000, 0x0000000703000000|
|  49|0x0000000703100000, 0x00000007031ffff0, 0x0000000703200000| 99%| O|  |TS  0|AC  0|TAMS 0x0000000703100000, 0x0000000703100000|
|  50|0x0000000703200000, 0x00000007032ffff8, 0x0000000703300000| 99%| O|  |TS  0|AC  0|TAMS 0x0000000703200000, 0x0000000703200000|
|  51|0x0000000703300000, 0x0000000703400000, 0x0000000703400000|100%| O|  |TS  0|AC  0|TAMS 0x0000000703300000, 0x0000000703300000|
|  52|0x0000000703400000, 0x00000007034fffe0, 0x0000000703500000| 99%| O|  |TS  0|AC  0|TAMS 0x0000000703400000, 0x0000000703400000|
|  53|0x0000000703500000, 0x00000007035fff50, 0x0000000703600000| 99%| O|  |TS  0|AC  0|TAMS 0x0000000703500000, 0x0000000703500000|
|  54|0x0000000703600000, 0x0000000703700000, 0x0000000703700000|100%| O|  |TS  0|AC  0|TAMS 0x0000000703600000, 0x0000000703600000|
|  55|0x0000000703700000, 0x00000007037ffff8, 0x0000000703800000| 99%| O|  |TS  0|AC  0|TAMS 0x0000000703700000, 0x0000000703700000|
|  56|0x0000000703800000, 0x00000007038ffff8, 0x0000000703900000| 99%| O|  |TS  0|AC  0|TAMS 0x0000000703800000, 0x0000000703800000|
|  57|0x0000000703900000, 0x0000000703a00000, 0x0000000703a00000|100%| O|  |TS  0|AC  0|TAMS 0x0000000703900000, 0x0000000703900000|
|  58|0x0000000703a00000, 0x0000000703affff8, 0x0000000703b00000| 99%| O|  |TS  0|AC  0|TAMS 0x0000000703a00000, 0x0000000703a00000|
|  59|0x0000000703b00000, 0x0000000703bffff8, 0x0000000703c00000| 99%| O|  |TS  0|AC  0|TAMS 0x0000000703b00000, 0x0000000703b00000|
|  60|0x0000000703c00000, 0x0000000703cffdf0, 0x0000000703d00000| 99%| O|  |TS  0|AC  0|TAMS 0x0000000703c00000, 0x0000000703c00000|
|  61|0x0000000703d00000, 0x0000000703e00000, 0x0000000703e00000|100%|HS|  |TS  0|AC  0|TAMS 0x0000000703d00000, 0x0000000703d00000|
|  62|0x0000000703e00000, 0x0000000703effff0, 0x0000000703f00000| 99%| O|  |TS  0|AC  0|TAMS 0x0000000703e00000, 0x0000000703e00000|
|  63|0x0000000703f00000, 0x0000000704000000, 0x0000000704000000|100%|HS|  |TS  0|AC  0|TAMS 0x0000000703f00000, 0x0000000703f00000|
|  64|0x0000000704000000, 0x0000000704100000, 0x0000000704100000|100%|HC|  |TS  0|AC  0|TAMS 0x0000000704000000, 0x0000000704000000|
|  65|0x0000000704100000, 0x0000000704200000, 0x0000000704200000|100%|HC|  |TS  0|AC  0|TAMS 0x0000000704100000, 0x0000000704100000|
|  66|0x0000000704200000, 0x0000000704300000, 0x0000000704300000|100%|HC|  |TS  0|AC  0|TAMS 0x0000000704200000, 0x0000000704200000|
|  67|0x0000000704300000, 0x0000000704400000, 0x0000000704400000|100%|HC|  |TS  0|AC  0|TAMS 0x0000000704300000, 0x0000000704300000|
|  68|0x0000000704400000, 0x00000007044ffff0, 0x0000000704500000| 99%| O|  |TS  0|AC  0|TAMS 0x0000000704400000, 0x0000000704400000|
|  69|0x0000000704500000, 0x00000007045ffff0, 0x0000000704600000| 99%| O|  |TS  0|AC  0|TAMS 0x0000000704500000, 0x0000000704500000|
|  70|0x0000000704600000, 0x0000000704700000, 0x0000000704700000|100%| O|  |TS  0|AC  0|TAMS 0x0000000704600000, 0x0000000704600000|
|  71|0x0000000704700000, 0x00000007047ffe80, 0x0000000704800000| 99%| O|  |TS  0|AC  0|TAMS 0x0000000704700000, 0x0000000704700000|
|  72|0x0000000704800000, 0x00000007048fff20, 0x0000000704900000| 99%| O|  |TS  0|AC  0|TAMS 0x0000000704800000, 0x0000000704800000|
|  73|0x0000000704900000, 0x0000000704a00000, 0x0000000704a00000|100%| O|  |TS  0|AC  0|TAMS 0x0000000704900000, 0x0000000704900000|
|  74|0x0000000704a00000, 0x0000000704afff98, 0x0000000704b00000| 99%| O|  |TS  0|AC  0|TAMS 0x0000000704a00000, 0x0000000704a00000|
|  75|0x0000000704b00000, 0x0000000704b6cc10, 0x0000000704c00000| 42%| O|  |TS  0|AC  0|TAMS 0x0000000704b00000, 0x0000000704b00000|
|  76|0x0000000704c00000, 0x0000000704d00000, 0x0000000704d00000|100%| O|  |TS 43|AC  0|TAMS 0x0000000704c00000, 0x0000000704c00000|
|  77|0x0000000704d00000, 0x0000000704e00000, 0x0000000704e00000|100%| O|  |TS139|AC  0|TAMS 0x0000000704d00000, 0x0000000704d00000|
|  78|0x0000000704e00000, 0x0000000704e56000, 0x0000000704f00000| 33%| O|  |TS163|AC  0|TAMS 0x0000000704e00000, 0x0000000704e00000|
|  79|0x0000000704f00000, 0x0000000704f00000, 0x0000000705000000|  0%| F|  |TS  0|AC  0|TAMS 0x0000000704f00000, 0x0000000704f00000|
|  80|0x0000000705000000, 0x0000000705000000, 0x0000000705100000|  0%| F|  |TS  0|AC  0|TAMS 0x0000000705000000, 0x0000000705000000|
|  81|0x0000000705100000, 0x0000000705100000, 0x0000000705200000|  0%| F|  |TS  0|AC  0|TAMS 0x0000000705100000, 0x0000000705100000|
|  82|0x0000000705200000, 0x0000000705200000, 0x0000000705300000|  0%| F|  |TS  0|AC  0|TAMS 0x0000000705200000, 0x0000000705200000|
|  83|0x0000000705300000, 0x0000000705300000, 0x0000000705400000|  0%| F|  |TS  0|AC  0|TAMS 0x0000000705300000, 0x0000000705300000|
|  84|0x0000000705400000, 0x0000000705400000, 0x0000000705500000|  0%| F|  |TS  0|AC  0|TAMS 0x0000000705400000, 0x0000000705400000|
|  85|0x0000000705500000, 0x0000000705500000, 0x0000000705600000|  0%| F|  |TS  0|AC  0|TAMS 0x0000000705500000, 0x0000000705500000|
|  86|0x0000000705600000, 0x0000000705600000, 0x0000000705700000|  0%| F|  |TS  0|AC  0|TAMS 0x0000000705600000, 0x0000000705600000|
|  87|0x0000000705700000, 0x0000000705700000, 0x0000000705800000|  0%| F|  |TS  0|AC  0|TAMS 0x0000000705700000, 0x0000000705700000|
|  88|0x0000000705800000, 0x0000000705800000, 0x0000000705900000|  0%| F|  |TS  0|AC  0|TAMS 0x0000000705800000, 0x0000000705800000|
|  89|0x0000000705900000, 0x0000000705900000, 0x0000000705a00000|  0%| F|  |TS  0|AC  0|TAMS 0x0000000705900000, 0x0000000705900000|
|  90|0x0000000705a00000, 0x0000000705a00000, 0x0000000705b00000|  0%| F|  |TS  0|AC  0|TAMS 0x0000000705a00000, 0x0000000705a00000|
|  91|0x0000000705b00000, 0x0000000705b00000, 0x0000000705c00000|  0%| F|  |TS  0|AC  0|TAMS 0x0000000705b00000, 0x0000000705b00000|
|  92|0x0000000705c00000, 0x0000000705c00000, 0x0000000705d00000|  0%| F|  |TS  0|AC  0|TAMS 0x0000000705c00000, 0x0000000705c00000|
|  93|0x0000000705d00000, 0x0000000705d00000, 0x0000000705e00000|  0%| F|  |TS  0|AC  0|TAMS 0x0000000705d00000, 0x0000000705d00000|
|  94|0x0000000705e00000, 0x0000000705e00000, 0x0000000705f00000|  0%| F|  |TS  0|AC  0|TAMS 0x0000000705e00000, 0x0000000705e00000|
|  95|0x0000000705f00000, 0x0000000705f00000, 0x0000000706000000|  0%| F|  |TS  0|AC  0|TAMS 0x0000000705f00000, 0x0000000705f00000|
|  96|0x0000000706000000, 0x0000000706000000, 0x0000000706100000|  0%| F|  |TS  0|AC  0|TAMS 0x0000000706000000, 0x0000000706000000|
|  97|0x0000000706100000, 0x0000000706100000, 0x0000000706200000|  0%| F|  |TS  0|AC  0|TAMS 0x0000000706100000, 0x0000000706100000|
|  98|0x0000000706200000, 0x0000000706200000, 0x0000000706300000|  0%| F|  |TS  0|AC  0|TAMS 0x0000000706200000, 0x0000000706200000|
|  99|0x0000000706300000, 0x0000000706300000, 0x0000000706400000|  0%| F|  |TS  0|AC  0|TAMS 0x0000000706300000, 0x0000000706300000|
| 100|0x0000000706400000, 0x0000000706400000, 0x0000000706500000|  0%| F|  |TS  0|AC  0|TAMS 0x0000000706400000, 0x0000000706400000|
| 101|0x0000000706500000, 0x0000000706500000, 0x0000000706600000|  0%| F|  |TS  0|AC  0|TAMS 0x0000000706500000, 0x0000000706500000|
| 102|0x0000000706600000, 0x0000000706600000, 0x0000000706700000|  0%| F|  |TS  0|AC  0|TAMS 0x0000000706600000, 0x0000000706600000|
| 103|0x0000000706700000, 0x0000000706700000, 0x0000000706800000|  0%| F|  |TS  0|AC  0|TAMS 0x0000000706700000, 0x0000000706700000|
| 104|0x0000000706800000, 0x0000000706800000, 0x0000000706900000|  0%| F|  |TS  0|AC  0|TAMS 0x0000000706800000, 0x0000000706800000|
| 105|0x0000000706900000, 0x0000000706900000, 0x0000000706a00000|  0%| F|  |TS  0|AC  0|TAMS 0x0000000706900000, 0x0000000706900000|
| 106|0x0000000706a00000, 0x0000000706a00000, 0x0000000706b00000|  0%| F|  |TS  0|AC  0|TAMS 0x0000000706a00000, 0x0000000706a00000|
| 107|0x0000000706b00000, 0x0000000706b00000, 0x0000000706c00000|  0%| F|  |TS  0|AC  0|TAMS 0x0000000706b00000, 0x0000000706b00000|
| 108|0x0000000706c00000, 0x0000000706c00000, 0x0000000706d00000|  0%| F|  |TS  0|AC  0|TAMS 0x0000000706c00000, 0x0000000706c00000|
| 109|0x0000000706d00000, 0x0000000706d00000, 0x0000000706e00000|  0%| F|  |TS  0|AC  0|TAMS 0x0000000706d00000, 0x0000000706d00000|
| 110|0x0000000706e00000, 0x0000000706e00000, 0x0000000706f00000|  0%| F|  |TS  0|AC  0|TAMS 0x0000000706e00000, 0x0000000706e00000|
| 111|0x0000000706f00000, 0x0000000706f00000, 0x0000000707000000|  0%| F|  |TS  0|AC  0|TAMS 0x0000000706f00000, 0x0000000706f00000|
| 112|0x0000000707000000, 0x0000000707000000, 0x0000000707100000|  0%| F|  |TS  0|AC  0|TAMS 0x0000000707000000, 0x0000000707000000|
| 113|0x0000000707100000, 0x0000000707100000, 0x0000000707200000|  0%| F|  |TS  0|AC  0|TAMS 0x0000000707100000, 0x0000000707100000|
| 114|0x0000000707200000, 0x0000000707200000, 0x0000000707300000|  0%| F|  |TS  0|AC  0|TAMS 0x0000000707200000, 0x0000000707200000|
| 115|0x0000000707300000, 0x0000000707300000, 0x0000000707400000|  0%| F|  |TS  0|AC  0|TAMS 0x0000000707300000, 0x0000000707300000|
| 116|0x0000000707400000, 0x0000000707400000, 0x0000000707500000|  0%| F|  |TS  0|AC  0|TAMS 0x0000000707400000, 0x0000000707400000|
| 117|0x0000000707500000, 0x0000000707500000, 0x0000000707600000|  0%| F|  |TS  0|AC  0|TAMS 0x0000000707500000, 0x0000000707500000|
| 118|0x0000000707600000, 0x0000000707600000, 0x0000000707700000|  0%| F|  |TS  0|AC  0|TAMS 0x0000000707600000, 0x0000000707600000|
| 119|0x0000000707700000, 0x0000000707700000, 0x0000000707800000|  0%| F|  |TS  0|AC  0|TAMS 0x0000000707700000, 0x0000000707700000|
| 120|0x0000000707800000, 0x0000000707800000, 0x0000000707900000|  0%| F|  |TS  0|AC  0|TAMS 0x0000000707800000, 0x0000000707800000|
| 121|0x0000000707900000, 0x0000000707900000, 0x0000000707a00000|  0%| F|  |TS  0|AC  0|TAMS 0x0000000707900000, 0x0000000707900000|
| 122|0x0000000707a00000, 0x0000000707a00000, 0x0000000707b00000|  0%| F|  |TS  0|AC  0|TAMS 0x0000000707a00000, 0x0000000707a00000|
| 123|0x0000000707b00000, 0x0000000707b00000, 0x0000000707c00000|  0%| F|  |TS  0|AC  0|TAMS 0x0000000707b00000, 0x0000000707b00000|
| 124|0x0000000707c00000, 0x0000000707c00000, 0x0000000707d00000|  0%| F|  |TS  0|AC  0|TAMS 0x0000000707c00000, 0x0000000707c00000|
| 125|0x0000000707d00000, 0x0000000707d00000, 0x0000000707e00000|  0%| F|  |TS  0|AC  0|TAMS 0x0000000707d00000, 0x0000000707d00000|
| 126|0x0000000707e00000, 0x0000000707e00000, 0x0000000707f00000|  0%| F|  |TS  0|AC  0|TAMS 0x0000000707e00000, 0x0000000707e00000|
| 127|0x0000000707f00000, 0x0000000707f00000, 0x0000000708000000|  0%| F|  |TS  0|AC  0|TAMS 0x0000000707f00000, 0x0000000707f00000|
| 128|0x0000000708000000, 0x0000000708000000, 0x0000000708100000|  0%| F|  |TS  0|AC  0|TAMS 0x0000000708000000, 0x0000000708000000|
| 129|0x0000000708100000, 0x0000000708100000, 0x0000000708200000|  0%| F|  |TS  0|AC  0|TAMS 0x0000000708100000, 0x0000000708100000|
| 130|0x0000000708200000, 0x0000000708200000, 0x0000000708300000|  0%| F|  |TS  0|AC  0|TAMS 0x0000000708200000, 0x0000000708200000|
| 131|0x0000000708300000, 0x0000000708300000, 0x0000000708400000|  0%| F|  |TS  0|AC  0|TAMS 0x0000000708300000, 0x0000000708300000|
| 132|0x0000000708400000, 0x0000000708400000, 0x0000000708500000|  0%| F|  |TS  0|AC  0|TAMS 0x0000000708400000, 0x0000000708400000|
| 133|0x0000000708500000, 0x0000000708500000, 0x0000000708600000|  0%| F|  |TS  0|AC  0|TAMS 0x0000000708500000, 0x0000000708500000|
| 134|0x0000000708600000, 0x0000000708600000, 0x0000000708700000|  0%| F|  |TS  0|AC  0|TAMS 0x0000000708600000, 0x0000000708600000|
| 135|0x0000000708700000, 0x0000000708700000, 0x0000000708800000|  0%| F|  |TS  0|AC  0|TAMS 0x0000000708700000, 0x0000000708700000|
| 136|0x0000000708800000, 0x0000000708800000, 0x0000000708900000|  0%| F|  |TS  0|AC  0|TAMS 0x0000000708800000, 0x0000000708800000|
| 137|0x0000000708900000, 0x0000000708900000, 0x0000000708a00000|  0%| F|  |TS  0|AC  0|TAMS 0x0000000708900000, 0x0000000708900000|
| 138|0x0000000708a00000, 0x0000000708a00000, 0x0000000708b00000|  0%| F|  |TS  0|AC  0|TAMS 0x0000000708a00000, 0x0000000708a00000|
| 139|0x0000000708b00000, 0x0000000708b00000, 0x0000000708c00000|  0%| F|  |TS  0|AC  0|TAMS 0x0000000708b00000, 0x0000000708b00000|
| 140|0x0000000708c00000, 0x0000000708c00000, 0x0000000708d00000|  0%| F|  |TS  0|AC  0|TAMS 0x0000000708c00000, 0x0000000708c00000|
| 141|0x0000000708d00000, 0x0000000708d00000, 0x0000000708e00000|  0%| F|  |TS  0|AC  0|TAMS 0x0000000708d00000, 0x0000000708d00000|
| 142|0x0000000708e00000, 0x0000000708e00000, 0x0000000708f00000|  0%| F|  |TS  0|AC  0|TAMS 0x0000000708e00000, 0x0000000708e00000|
| 143|0x0000000708f00000, 0x0000000708f00000, 0x0000000709000000|  0%| F|  |TS  0|AC  0|TAMS 0x0000000708f00000, 0x0000000708f00000|
| 144|0x0000000709000000, 0x0000000709000000, 0x0000000709100000|  0%| F|  |TS  0|AC  0|TAMS 0x0000000709000000, 0x0000000709000000|
| 145|0x0000000709100000, 0x0000000709100000, 0x0000000709200000|  0%| F|  |TS  0|AC  0|TAMS 0x0000000709100000, 0x0000000709100000|
| 146|0x0000000709200000, 0x0000000709200000, 0x0000000709300000|  0%| F|  |TS  0|AC  0|TAMS 0x0000000709200000, 0x0000000709200000|
| 147|0x0000000709300000, 0x0000000709300000, 0x0000000709400000|  0%| F|  |TS  0|AC  0|TAMS 0x0000000709300000, 0x0000000709300000|
| 148|0x0000000709400000, 0x0000000709400000, 0x0000000709500000|  0%| F|  |TS  0|AC  0|TAMS 0x0000000709400000, 0x0000000709400000|
| 149|0x0000000709500000, 0x0000000709500000, 0x0000000709600000|  0%| F|  |TS  0|AC  0|TAMS 0x0000000709500000, 0x0000000709500000|
| 150|0x0000000709600000, 0x0000000709600000, 0x0000000709700000|  0%| F|  |TS  0|AC  0|TAMS 0x0000000709600000, 0x0000000709600000|
| 151|0x0000000709700000, 0x0000000709700000, 0x0000000709800000|  0%| F|  |TS  0|AC  0|TAMS 0x0000000709700000, 0x0000000709700000|
| 152|0x0000000709800000, 0x0000000709800000, 0x0000000709900000|  0%| F|  |TS  0|AC  0|TAMS 0x0000000709800000, 0x0000000709800000|
| 153|0x0000000709900000, 0x0000000709900000, 0x0000000709a00000|  0%| F|  |TS  0|AC  0|TAMS 0x0000000709900000, 0x0000000709900000|
| 154|0x0000000709a00000, 0x0000000709a00000, 0x0000000709b00000|  0%| F|  |TS  0|AC  0|TAMS 0x0000000709a00000, 0x0000000709a00000|
| 155|0x0000000709b00000, 0x0000000709b00000, 0x0000000709c00000|  0%| F|  |TS  0|AC  0|TAMS 0x0000000709b00000, 0x0000000709b00000|
| 156|0x0000000709c00000, 0x0000000709c00000, 0x0000000709d00000|  0%| F|  |TS  0|AC  0|TAMS 0x0000000709c00000, 0x0000000709c00000|
| 157|0x0000000709d00000, 0x0000000709d00000, 0x0000000709e00000|  0%| F|  |TS  0|AC  0|TAMS 0x0000000709d00000, 0x0000000709d00000|
| 158|0x0000000709e00000, 0x0000000709e00000, 0x0000000709f00000|  0%| F|  |TS  0|AC  0|TAMS 0x0000000709e00000, 0x0000000709e00000|
| 159|0x0000000709f00000, 0x0000000709f00000, 0x000000070a000000|  0%| F|  |TS  0|AC  0|TAMS 0x0000000709f00000, 0x0000000709f00000|
| 160|0x000000070a000000, 0x000000070a000000, 0x000000070a100000|  0%| F|  |TS  0|AC  0|TAMS 0x000000070a000000, 0x000000070a000000|
| 161|0x000000070a100000, 0x000000070a100000, 0x000000070a200000|  0%| F|  |TS  0|AC  0|TAMS 0x000000070a100000, 0x000000070a100000|
| 162|0x000000070a200000, 0x000000070a200000, 0x000000070a300000|  0%| F|  |TS  0|AC  0|TAMS 0x000000070a200000, 0x000000070a200000|
| 163|0x000000070a300000, 0x000000070a300000, 0x000000070a400000|  0%| F|  |TS  0|AC  0|TAMS 0x000000070a300000, 0x000000070a300000|
| 164|0x000000070a400000, 0x000000070a400000, 0x000000070a500000|  0%| F|  |TS  0|AC  0|TAMS 0x000000070a400000, 0x000000070a400000|
| 165|0x000000070a500000, 0x000000070a500000, 0x000000070a600000|  0%| F|  |TS  0|AC  0|TAMS 0x000000070a500000, 0x000000070a500000|
| 166|0x000000070a600000, 0x000000070a600000, 0x000000070a700000|  0%| F|  |TS  0|AC  0|TAMS 0x000000070a600000, 0x000000070a600000|
| 167|0x000000070a700000, 0x000000070a700000, 0x000000070a800000|  0%| F|  |TS  0|AC  0|TAMS 0x000000070a700000, 0x000000070a700000|
| 168|0x000000070a800000, 0x000000070a800000, 0x000000070a900000|  0%| F|  |TS  0|AC  0|TAMS 0x000000070a800000, 0x000000070a800000|
| 169|0x000000070a900000, 0x000000070a900000, 0x000000070aa00000|  0%| F|  |TS  0|AC  0|TAMS 0x000000070a900000, 0x000000070a900000|
| 170|0x000000070aa00000, 0x000000070aa00000, 0x000000070ab00000|  0%| F|  |TS  0|AC  0|TAMS 0x000000070aa00000, 0x000000070aa00000|
| 171|0x000000070ab00000, 0x000000070ab00000, 0x000000070ac00000|  0%| F|  |TS  0|AC  0|TAMS 0x000000070ab00000, 0x000000070ab00000|
| 172|0x000000070ac00000, 0x000000070ac00000, 0x000000070ad00000|  0%| F|  |TS  0|AC  0|TAMS 0x000000070ac00000, 0x000000070ac00000|
| 173|0x000000070ad00000, 0x000000070ad00000, 0x000000070ae00000|  0%| F|  |TS  0|AC  0|TAMS 0x000000070ad00000, 0x000000070ad00000|
| 174|0x000000070ae00000, 0x000000070ae00000, 0x000000070af00000|  0%| F|  |TS  0|AC  0|TAMS 0x000000070ae00000, 0x000000070ae00000|
| 175|0x000000070af00000, 0x000000070af00000, 0x000000070b000000|  0%| F|  |TS  0|AC  0|TAMS 0x000000070af00000, 0x000000070af00000|
| 176|0x000000070b000000, 0x000000070b000000, 0x000000070b100000|  0%| F|  |TS  0|AC  0|TAMS 0x000000070b000000, 0x000000070b000000|
| 177|0x000000070b100000, 0x000000070b100000, 0x000000070b200000|  0%| F|  |TS  0|AC  0|TAMS 0x000000070b100000, 0x000000070b100000|
| 178|0x000000070b200000, 0x000000070b200000, 0x000000070b300000|  0%| F|  |TS  0|AC  0|TAMS 0x000000070b200000, 0x000000070b200000|
| 179|0x000000070b300000, 0x000000070b300000, 0x000000070b400000|  0%| F|  |TS  0|AC  0|TAMS 0x000000070b300000, 0x000000070b300000|
| 180|0x000000070b400000, 0x000000070b400000, 0x000000070b500000|  0%| F|  |TS  0|AC  0|TAMS 0x000000070b400000, 0x000000070b400000|
| 181|0x000000070b500000, 0x000000070b500000, 0x000000070b600000|  0%| F|  |TS  0|AC  0|TAMS 0x000000070b500000, 0x000000070b500000|
| 182|0x000000070b600000, 0x000000070b600000, 0x000000070b700000|  0%| F|  |TS  0|AC  0|TAMS 0x000000070b600000, 0x000000070b600000|
| 183|0x000000070b700000, 0x000000070b700000, 0x000000070b800000|  0%| F|  |TS  0|AC  0|TAMS 0x000000070b700000, 0x000000070b700000|
| 184|0x000000070b800000, 0x000000070b800000, 0x000000070b900000|  0%| F|  |TS  0|AC  0|TAMS 0x000000070b800000, 0x000000070b800000|
| 185|0x000000070b900000, 0x000000070b900000, 0x000000070ba00000|  0%| F|  |TS  0|AC  0|TAMS 0x000000070b900000, 0x000000070b900000|
| 186|0x000000070ba00000, 0x000000070ba00000, 0x000000070bb00000|  0%| F|  |TS  0|AC  0|TAMS 0x000000070ba00000, 0x000000070ba00000|
| 187|0x000000070bb00000, 0x000000070bb00000, 0x000000070bc00000|  0%| F|  |TS 31|AC  0|TAMS 0x000000070bb00000, 0x000000070bb00000|
| 188|0x000000070bc00000, 0x000000070bc00000, 0x000000070bd00000|  0%| F|  |TS163|AC  0|TAMS 0x000000070bc00000, 0x000000070bc00000|
| 189|0x000000070bd00000, 0x000000070bd00000, 0x000000070be00000|  0%| F|  |TS163|AC  0|TAMS 0x000000070bd00000, 0x000000070bd00000|
| 190|0x000000070be00000, 0x000000070becd2d0, 0x000000070bf00000| 80%| S|CS|TS163|AC  0|TAMS 0x000000070be00000, 0x000000070be00000|
| 191|0x000000070bf00000, 0x000000070c000000, 0x000000070c000000|100%| S|CS|TS163|AC  0|TAMS 0x000000070bf00000, 0x000000070bf00000|
| 192|0x000000070c000000, 0x000000070c000000, 0x000000070c100000|  0%| F|  |TS163|AC  0|TAMS 0x000000070c000000, 0x000000070c000000|
| 193|0x000000070c100000, 0x000000070c100000, 0x000000070c200000|  0%| F|  |TS163|AC  0|TAMS 0x000000070c100000, 0x000000070c100000|
| 194|0x000000070c200000, 0x000000070c200000, 0x000000070c300000|  0%| F|  |TS163|AC  0|TAMS 0x000000070c200000, 0x000000070c200000|
| 195|0x000000070c300000, 0x000000070c300000, 0x000000070c400000|  0%| F|  |TS163|AC  0|TAMS 0x000000070c300000, 0x000000070c300000|
| 196|0x000000070c400000, 0x000000070c400000, 0x000000070c500000|  0%| F|  |TS163|AC  0|TAMS 0x000000070c400000, 0x000000070c400000|
| 197|0x000000070c500000, 0x000000070c500000, 0x000000070c600000|  0%| F|  |TS163|AC  0|TAMS 0x000000070c500000, 0x000000070c500000|
| 198|0x000000070c600000, 0x000000070c600000, 0x000000070c700000|  0%| F|  |TS163|AC  0|TAMS 0x000000070c600000, 0x000000070c600000|
| 199|0x000000070c700000, 0x000000070c700000, 0x000000070c800000|  0%| F|  |TS163|AC  0|TAMS 0x000000070c700000, 0x000000070c700000|
| 200|0x000000070c800000, 0x000000070c800000, 0x000000070c900000|  0%| F|  |TS163|AC  0|TAMS 0x000000070c800000, 0x000000070c800000|
| 201|0x000000070c900000, 0x000000070c900000, 0x000000070ca00000|  0%| F|  |TS163|AC  0|TAMS 0x000000070c900000, 0x000000070c900000|
| 202|0x000000070ca00000, 0x000000070ca00000, 0x000000070cb00000|  0%| F|  |TS163|AC  0|TAMS 0x000000070ca00000, 0x000000070ca00000|
| 203|0x000000070cb00000, 0x000000070cb00000, 0x000000070cc00000|  0%| F|  |TS163|AC  0|TAMS 0x000000070cb00000, 0x000000070cb00000|
| 204|0x000000070cc00000, 0x000000070cc00000, 0x000000070cd00000|  0%| F|  |TS163|AC  0|TAMS 0x000000070cc00000, 0x000000070cc00000|
| 205|0x000000070cd00000, 0x000000070cd00000, 0x000000070ce00000|  0%| F|  |TS163|AC  0|TAMS 0x000000070cd00000, 0x000000070cd00000|
| 206|0x000000070ce00000, 0x000000070ce82fe8, 0x000000070cf00000| 51%| E|  |TS163|AC  0|TAMS 0x000000070ce00000, 0x000000070ce00000|
| 207|0x000000070cf00000, 0x000000070d000000, 0x000000070d000000|100%| E|CS|TS163|AC  0|TAMS 0x000000070cf00000, 0x000000070cf00000|
| 208|0x000000070d000000, 0x000000070d100000, 0x000000070d100000|100%| E|CS|TS163|AC  0|TAMS 0x000000070d000000, 0x000000070d000000|
| 209|0x000000070d100000, 0x000000070d200000, 0x000000070d200000|100%| E|CS|TS163|AC  0|TAMS 0x000000070d100000, 0x000000070d100000|
| 210|0x000000070d200000, 0x000000070d300000, 0x000000070d300000|100%| E|CS|TS163|AC  0|TAMS 0x000000070d200000, 0x000000070d200000|
| 211|0x000000070d300000, 0x000000070d400000, 0x000000070d400000|100%| E|CS|TS163|AC  0|TAMS 0x000000070d300000, 0x000000070d300000|
| 212|0x000000070d400000, 0x000000070d500000, 0x000000070d500000|100%| E|CS|TS163|AC  0|TAMS 0x000000070d400000, 0x000000070d400000|
| 213|0x000000070d500000, 0x000000070d600000, 0x000000070d600000|100%| E|CS|TS163|AC  0|TAMS 0x000000070d500000, 0x000000070d500000|
| 214|0x000000070d600000, 0x000000070d700000, 0x000000070d700000|100%| E|CS|TS163|AC  0|TAMS 0x000000070d600000, 0x000000070d600000|
| 215|0x000000070d700000, 0x000000070d800000, 0x000000070d800000|100%| E|CS|TS163|AC  0|TAMS 0x000000070d700000, 0x000000070d700000|
| 216|0x000000070d800000, 0x000000070d900000, 0x000000070d900000|100%| E|CS|TS163|AC  0|TAMS 0x000000070d800000, 0x000000070d800000|
| 217|0x000000070d900000, 0x000000070da00000, 0x000000070da00000|100%| E|CS|TS163|AC  0|TAMS 0x000000070d900000, 0x000000070d900000|
| 218|0x000000070da00000, 0x000000070db00000, 0x000000070db00000|100%| E|CS|TS163|AC  0|TAMS 0x000000070da00000, 0x000000070da00000|
| 219|0x000000070db00000, 0x000000070dc00000, 0x000000070dc00000|100%| E|CS|TS163|AC  0|TAMS 0x000000070db00000, 0x000000070db00000|
| 220|0x000000070dc00000, 0x000000070dd00000, 0x000000070dd00000|100%| E|CS|TS163|AC  0|TAMS 0x000000070dc00000, 0x000000070dc00000|
| 221|0x000000070dd00000, 0x000000070de00000, 0x000000070de00000|100%| E|CS|TS163|AC  0|TAMS 0x000000070dd00000, 0x000000070dd00000|
| 222|0x000000070de00000, 0x000000070df00000, 0x000000070df00000|100%| E|CS|TS163|AC  0|TAMS 0x000000070de00000, 0x000000070de00000|
| 223|0x000000070df00000, 0x000000070e000000, 0x000000070e000000|100%| E|CS|TS163|AC  0|TAMS 0x000000070df00000, 0x000000070df00000|
| 224|0x000000070e000000, 0x000000070e100000, 0x000000070e100000|100%| E|CS|TS163|AC  0|TAMS 0x000000070e000000, 0x000000070e000000|
| 225|0x000000070e100000, 0x000000070e200000, 0x000000070e200000|100%| E|CS|TS163|AC  0|TAMS 0x000000070e100000, 0x000000070e100000|
| 226|0x000000070e200000, 0x000000070e300000, 0x000000070e300000|100%| E|CS|TS163|AC  0|TAMS 0x000000070e200000, 0x000000070e200000|
| 227|0x000000070e300000, 0x000000070e400000, 0x000000070e400000|100%| E|CS|TS163|AC  0|TAMS 0x000000070e300000, 0x000000070e300000|
| 228|0x000000070e400000, 0x000000070e500000, 0x000000070e500000|100%| E|CS|TS163|AC  0|TAMS 0x000000070e400000, 0x000000070e400000|
| 229|0x000000070e500000, 0x000000070e600000, 0x000000070e600000|100%| E|CS|TS163|AC  0|TAMS 0x000000070e500000, 0x000000070e500000|
| 230|0x000000070e600000, 0x000000070e700000, 0x000000070e700000|100%| E|CS|TS163|AC  0|TAMS 0x000000070e600000, 0x000000070e600000|
| 231|0x000000070e700000, 0x000000070e800000, 0x000000070e800000|100%| E|CS|TS163|AC  0|TAMS 0x000000070e700000, 0x000000070e700000|
| 232|0x000000070e800000, 0x000000070e900000, 0x000000070e900000|100%| E|CS|TS163|AC  0|TAMS 0x000000070e800000, 0x000000070e800000|
| 233|0x000000070e900000, 0x000000070ea00000, 0x000000070ea00000|100%| E|CS|TS163|AC  0|TAMS 0x000000070e900000, 0x000000070e900000|
| 234|0x000000070ea00000, 0x000000070eb00000, 0x000000070eb00000|100%| E|CS|TS163|AC  0|TAMS 0x000000070ea00000, 0x000000070ea00000|
| 235|0x000000070eb00000, 0x000000070ec00000, 0x000000070ec00000|100%| E|CS|TS163|AC  0|TAMS 0x000000070eb00000, 0x000000070eb00000|
| 236|0x000000070ec00000, 0x000000070ed00000, 0x000000070ed00000|100%| E|CS|TS163|AC  0|TAMS 0x000000070ec00000, 0x000000070ec00000|
| 237|0x000000070ed00000, 0x000000070ee00000, 0x000000070ee00000|100%| E|CS|TS163|AC  0|TAMS 0x000000070ed00000, 0x000000070ed00000|
| 238|0x000000070ee00000, 0x000000070ef00000, 0x000000070ef00000|100%| E|CS|TS163|AC  0|TAMS 0x000000070ee00000, 0x000000070ee00000|
| 239|0x000000070ef00000, 0x000000070f000000, 0x000000070f000000|100%| E|CS|TS163|AC  0|TAMS 0x000000070ef00000, 0x000000070ef00000|
| 240|0x000000070f000000, 0x000000070f100000, 0x000000070f100000|100%| E|CS|TS163|AC  0|TAMS 0x000000070f000000, 0x000000070f000000|
| 241|0x000000070f100000, 0x000000070f200000, 0x000000070f200000|100%| E|CS|TS163|AC  0|TAMS 0x000000070f100000, 0x000000070f100000|
| 242|0x000000070f200000, 0x000000070f300000, 0x000000070f300000|100%| E|CS|TS163|AC  0|TAMS 0x000000070f200000, 0x000000070f200000|
| 243|0x000000070f300000, 0x000000070f400000, 0x000000070f400000|100%| E|CS|TS163|AC  0|TAMS 0x000000070f300000, 0x000000070f300000|
| 244|0x000000070f400000, 0x000000070f500000, 0x000000070f500000|100%| E|CS|TS163|AC  0|TAMS 0x000000070f400000, 0x000000070f400000|
| 245|0x000000070f500000, 0x000000070f600000, 0x000000070f600000|100%| E|CS|TS163|AC  0|TAMS 0x000000070f500000, 0x000000070f500000|
| 246|0x000000070f600000, 0x000000070f700000, 0x000000070f700000|100%| E|CS|TS163|AC  0|TAMS 0x000000070f600000, 0x000000070f600000|
| 247|0x000000070f700000, 0x000000070f800000, 0x000000070f800000|100%| E|CS|TS163|AC  0|TAMS 0x000000070f700000, 0x000000070f700000|
| 248|0x000000070f800000, 0x000000070f900000, 0x000000070f900000|100%| E|CS|TS163|AC  0|TAMS 0x000000070f800000, 0x000000070f800000|
| 249|0x000000070f900000, 0x000000070fa00000, 0x000000070fa00000|100%| E|CS|TS163|AC  0|TAMS 0x000000070f900000, 0x000000070f900000|

Card table byte_map: [0x000001eace5f0000,0x000001eacebf0000] byte_map_base: 0x000001eacadf0000

Marking Bits (Prev, Next): (CMBitMap*) 0x000001eab4b70758, (CMBitMap*) 0x000001eab4b70720
 Prev Bits: [0x000001ead21f0000, 0x000001ead51f0000)
 Next Bits: [0x000001eacf1f0000, 0x000001ead21f0000)

Polling page: 0x000001eaae580000

CodeHeap 'non-profiled nmethods': size=120064Kb used=20729Kb max_used=20772Kb free=99334Kb
 bounds [0x000001eac63a0000, 0x000001eac77f0000, 0x000001eacd8e0000]
CodeHeap 'profiled nmethods': size=120000Kb used=40000Kb max_used=41254Kb free=79999Kb
 bounds [0x000001eabee70000, 0x000001eac1770000, 0x000001eac63a0000]
CodeHeap 'non-nmethods': size=5696Kb used=1798Kb max_used=1859Kb free=3897Kb
 bounds [0x000001eabe8e0000, 0x000001eabeb50000, 0x000001eabee70000]
 total_blobs=31443 nmethods=16765 adapters=1139
 compilation: enabled

Compilation events (10 events):
Event: 17116.887 Thread 0x000001eab352e800 21885       3       javax.swing.JRootPane::setDefaultButton (41 bytes)
Event: 17116.887 Thread 0x000001eab352e800 nmethod 21885 0x000001eabff40190 code [0x000001eabff403c0, 0x000001eabff40c90]
Event: 17116.910 Thread 0x000001eab352e800 21886       3       java.awt.AWTEventMulticaster::focusLost (27 bytes)
Event: 17116.910 Thread 0x000001eab352e800 nmethod 21886 0x000001eabff2b490 code [0x000001eabff2b680, 0x000001eabff2bba0]
Event: 17126.481 Thread 0x000001eab352e800 21887       3       java.awt.Dialog::hide (20 bytes)
Event: 17126.482 Thread 0x000001eab352e800 nmethod 21887 0x000001eabff18b10 code [0x000001eabff18d00, 0x000001eabff190d0]
Event: 17126.482 Thread 0x000001eab352e800 21888   !   3       java.awt.Dialog::hideAndDisposePreHandler (56 bytes)
Event: 17126.482 Thread 0x000001eab352e800 nmethod 21888 0x000001eabff3f490 code [0x000001eabff3f6a0, 0x000001eabff3fea0]
Event: 17126.487 Thread 0x000001eab2923000 21889       4       sun.util.locale.BaseLocale$Key::<init> (305 bytes)
Event: 17126.488 Thread 0x000001eab352e800 21890       3       java.awt.KeyboardFocusManager::isAutoFocusTransferEnabledFor (19 bytes)

GC Heap History (10 events):
Event: 17073.172 GC heap before
{Heap before GC invocations=301 (full 15):
 garbage-first heap   total 256000K, used 140201K [0x0000000700000000, 0x00000007001007d0, 0x00000007c0000000)
  region size 1024K, 60 young (61440K), 1 survivors (1024K)
 Metaspace       used 81111K, capacity 83548K, committed 89008K, reserved 1126400K
  class space    used 10797K, capacity 11266K, committed 12464K, reserved 1048576K
}
Event: 17073.176 GC heap after
{Heap after GC invocations=302 (full 15):
 garbage-first heap   total 256000K, used 79691K [0x0000000700000000, 0x00000007001007d0, 0x00000007c0000000)
  region size 1024K, 1 young (1024K), 1 survivors (1024K)
 Metaspace       used 81111K, capacity 83548K, committed 89008K, reserved 1126400K
  class space    used 10797K, capacity 11266K, committed 12464K, reserved 1048576K
}
Event: 17078.063 GC heap before
{Heap before GC invocations=302 (full 15):
 garbage-first heap   total 256000K, used 140107K [0x0000000700000000, 0x00000007001007d0, 0x00000007c0000000)
  region size 1024K, 60 young (61440K), 1 survivors (1024K)
 Metaspace       used 81120K, capacity 83548K, committed 89008K, reserved 1126400K
  class space    used 10797K, capacity 11266K, committed 12464K, reserved 1048576K
}
Event: 17078.068 GC heap after
{Heap after GC invocations=303 (full 15):
 garbage-first heap   total 256000K, used 80225K [0x0000000700000000, 0x00000007001007d0, 0x00000007c0000000)
  region size 1024K, 2 young (2048K), 2 survivors (2048K)
 Metaspace       used 81120K, capacity 83548K, committed 89008K, reserved 1126400K
  class space    used 10797K, capacity 11266K, committed 12464K, reserved 1048576K
}
Event: 17089.764 GC heap before
{Heap before GC invocations=303 (full 15):
 garbage-first heap   total 256000K, used 139617K [0x0000000700000000, 0x00000007001007d0, 0x00000007c0000000)
  region size 1024K, 60 young (61440K), 2 survivors (2048K)
 Metaspace       used 81132K, capacity 83554K, committed 89008K, reserved 1126400K
  class space    used 10798K, capacity 11267K, committed 12464K, reserved 1048576K
}
Event: 17089.770 GC heap after
{Heap after GC invocations=304 (full 15):
 garbage-first heap   total 256000K, used 80760K [0x0000000700000000, 0x00000007001007d0, 0x00000007c0000000)
  region size 1024K, 2 young (2048K), 2 survivors (2048K)
 Metaspace       used 81132K, capacity 83554K, committed 89008K, reserved 1126400K
  class space    used 10798K, capacity 11267K, committed 12464K, reserved 1048576K
}
Event: 17102.249 GC heap before
{Heap before GC invocations=304 (full 15):
 garbage-first heap   total 256000K, used 140152K [0x0000000700000000, 0x00000007001007d0, 0x00000007c0000000)
  region size 1024K, 60 young (61440K), 2 survivors (2048K)
 Metaspace       used 81142K, capacity 83618K, committed 89264K, reserved 1126400K
  class space    used 10798K, capacity 11267K, committed 12464K, reserved 1048576K
}
Event: 17102.255 GC heap after
{Heap after GC invocations=305 (full 15):
 garbage-first heap   total 256000K, used 80901K [0x0000000700000000, 0x00000007001007d0, 0x00000007c0000000)
  region size 1024K, 2 young (2048K), 2 survivors (2048K)
 Metaspace       used 81142K, capacity 83618K, committed 89264K, reserved 1126400K
  class space    used 10798K, capacity 11267K, committed 12464K, reserved 1048576K
}
Event: 17115.863 GC heap before
{Heap before GC invocations=305 (full 15):
 garbage-first heap   total 256000K, used 140293K [0x0000000700000000, 0x00000007001007d0, 0x00000007c0000000)
  region size 1024K, 60 young (61440K), 2 survivors (2048K)
 Metaspace       used 81164K, capacity 83618K, committed 89264K, reserved 1126400K
  class space    used 10801K, capacity 11267K, committed 12464K, reserved 1048576K
}
Event: 17115.875 GC heap after
{Heap after GC invocations=306 (full 15):
 garbage-first heap   total 256000K, used 80933K [0x0000000700000000, 0x00000007001007d0, 0x00000007c0000000)
  region size 1024K, 2 young (2048K), 2 survivors (2048K)
 Metaspace       used 81164K, capacity 83618K, committed 89264K, reserved 1126400K
  class space    used 10801K, capacity 11267K, committed 12464K, reserved 1048576K
}

Deoptimization events (10 events):
Event: 17061.342 Thread 0x000001eab72c9000 Uncommon trap: reason=class_check action=maybe_recompile pc=0x000001eac770f150 method=java.awt.Component.processMouseMotionEvent(Ljava/awt/event/MouseEvent;)V @ 52 c2
Event: 17061.395 Thread 0x000001eab72c9000 Uncommon trap: reason=array_check action=maybe_recompile pc=0x000001eac6e55808 method=java.util.LinkedList.toArray([Ljava/lang/Object;)[Ljava/lang/Object; @ 52 c2
Event: 17061.445 Thread 0x000001eab72c9000 Uncommon trap: reason=array_check action=maybe_recompile pc=0x000001eac6e55808 method=java.util.LinkedList.toArray([Ljava/lang/Object;)[Ljava/lang/Object; @ 52 c2
Event: 17085.489 Thread 0x000001eab72c9000 Uncommon trap: reason=unstable_if action=reinterpret pc=0x000001eac663b068 method=ui.utils.aP.isWhiteSpace(Ljava/lang/String;)Z @ 7 c2
Event: 17116.883 Thread 0x000001eab72c9000 Uncommon trap: reason=unstable_if action=reinterpret pc=0x000001eac6909944 method=java.util.regex.Pattern.lambda$DOT$5(I)Z @ 3 c2
Event: 17116.886 Thread 0x000001eab72c9000 Uncommon trap: reason=class_check action=maybe_recompile pc=0x000001eac700fee4 method=javax.swing.text.html.HTMLWriter.write()V @ 127 c2
Event: 17116.907 Thread 0x000001eab72c9000 Uncommon trap: reason=speculate_class_check action=maybe_recompile pc=0x000001eac7347d10 method=javax.swing.text.GlyphView.paint(Ljava/awt/Graphics;Ljava/awt/Shape;)V @ 47 c2
Event: 17116.907 Thread 0x000001eab72c9000 Uncommon trap: reason=bimorphic_or_optimized_type_check action=maybe_recompile pc=0x000001eac7329ac0 method=javax.swing.text.Utilities.getJComponent(Ljavax/swing/text/View;)Ljavax/swing/JComponent; @ 5 c2
Event: 17116.907 Thread 0x000001eab72c9000 Uncommon trap: reason=speculate_class_check action=maybe_recompile pc=0x000001eac7347d10 method=javax.swing.text.GlyphView.paint(Ljava/awt/Graphics;Ljava/awt/Shape;)V @ 47 c2
Event: 17116.907 Thread 0x000001eab72c9000 Uncommon trap: reason=bimorphic_or_optimized_type_check action=maybe_recompile pc=0x000001eac7329ac0 method=javax.swing.text.Utilities.getJComponent(Ljavax/swing/text/View;)Ljavax/swing/JComponent; @ 5 c2

Classes redefined (0 events):
No events

Internal exceptions (10 events):
Event: 15746.967 Thread 0x000001eaa4a1d000 Exception <a 'ui/frmwork/CommandFailedException'{0x000000070e6bbd48}> (0x000000070e6bbd48) thrown at [t:/workspace/hotspot/src/share/vm/prims/jni.cpp, line 604]
Event: 15757.023 Thread 0x000001eaa4a1d800 Exception <a 'ui/frmwork/CommandFailedException'{0x000000070e402d80}> (0x000000070e402d80) thrown at [t:/workspace/hotspot/src/share/vm/prims/jni.cpp, line 604]
Event: 15765.387 Thread 0x000001eaa4a1a000 Exception <a 'ui/frmwork/CommandFailedException'{0x000000070f802d60}> (0x000000070f802d60) thrown at [t:/workspace/hotspot/src/share/vm/prims/jni.cpp, line 604]
Event: 15835.048 Thread 0x000001eaa4a1a000 Exception <a 'ui/frmwork/CommandFailedException'{0x000000070f782da0}> (0x000000070f782da0) thrown at [t:/workspace/hotspot/src/share/vm/prims/jni.cpp, line 604]
Event: 16152.866 Thread 0x000001eaa4a18800 Exception <a 'ui/frmwork/CommandFailedException'{0x000000070f4b90a8}> (0x000000070f4b90a8) thrown at [t:/workspace/hotspot/src/share/vm/prims/jni.cpp, line 604]
Event: 16154.187 Thread 0x000001eab72c9000 Exception <a 'java/lang/NoSuchMethodError'{0x000000070ea5ef38}: java.lang.invoke.DelegatingMethodHandle$Holder.reinvoke_L(Ljava/lang/Object;IIILjava/lang/Object;Ljava/lang/Object;I)Ljava/lang/Object;> (0x000000070ea5ef38) thrown at [t:/workspace/hotspot/s
Event: 16163.402 Thread 0x000001eaa4a1d000 Exception <a 'ui/frmwork/CommandFailedException'{0x000000070ef81720}> (0x000000070ef81720) thrown at [t:/workspace/hotspot/src/share/vm/prims/jni.cpp, line 604]
Event: 16198.888 Thread 0x000001eaa4a18800 Exception <a 'ui/frmwork/CommandFailedException'{0x000000070f39c000}> (0x000000070f39c000) thrown at [t:/workspace/hotspot/src/share/vm/prims/jni.cpp, line 604]
Event: 17042.245 Thread 0x000001eaa4a1a000 Exception <a 'ui/frmwork/CommandFailedException'{0x000000070eebd3b0}> (0x000000070eebd3b0) thrown at [t:/workspace/hotspot/src/share/vm/prims/jni.cpp, line 604]
Event: 17059.739 Thread 0x000001eaa4a1a800 Exception <a 'ui/frmwork/CommandFailedException'{0x000000070ef83bf0}> (0x000000070ef83bf0) thrown at [t:/workspace/hotspot/src/share/vm/prims/jni.cpp, line 604]

Events (10 events):
Event: 17122.174 Thread 0x000001eaa4a1d800 Thread added: 0x000001eaa4a1d800
Event: 17122.176 Thread 0x000001eaa4a1d800 Thread exited: 0x000001eaa4a1d800
Event: 17123.174 Thread 0x000001eaa4a1d800 Thread added: 0x000001eaa4a1d800
Event: 17123.176 Thread 0x000001eaa4a1d800 Thread exited: 0x000001eaa4a1d800
Event: 17124.174 Thread 0x000001eaa4a1e800 Thread added: 0x000001eaa4a1e800
Event: 17124.176 Thread 0x000001eaa4a1e800 Thread exited: 0x000001eaa4a1e800
Event: 17125.175 Thread 0x000001eaa4a1d800 Thread added: 0x000001eaa4a1d800
Event: 17125.177 Thread 0x000001eaa4a1d800 Thread exited: 0x000001eaa4a1d800
Event: 17126.175 Thread 0x000001eaa4a1f000 Thread added: 0x000001eaa4a1f000
Event: 17126.177 Thread 0x000001eaa4a1f000 Thread exited: 0x000001eaa4a1f000


Dynamic libraries:
0x00007ff6089b0000 - 0x00007ff6089e0000 	G:\Xilinx\Vivado\2018.3\bin\unwrapped\win64.o\vivado.exe
0x00007fffa91e0000 - 0x00007fffa93cd000 	C:\Windows\SYSTEM32\ntdll.dll
0x00007fffa8d40000 - 0x00007fffa8df3000 	C:\Windows\System32\KERNEL32.DLL
0x00007fffa5a10000 - 0x00007fffa5ca3000 	C:\Windows\System32\KERNELBASE.dll
0x00007fffa5ea0000 - 0x00007fffa5f9a000 	C:\Windows\System32\ucrtbase.dll
0x00007fff957f0000 - 0x00007fff95889000 	C:\Windows\SYSTEM32\MSVCP140.dll
0x00007fff4f510000 - 0x00007fff503a4000 	G:\Xilinx\Vivado\2018.3\lib\win64.o\librdi_common.dll
0x00007fff85e20000 - 0x00007fff85e34000 	G:\Xilinx\Vivado\2018.3\lib\win64.o\librdi_commonmain.dll
0x00007fff805e0000 - 0x00007fff805f4000 	G:\Xilinx\Vivado\2018.3\lib\win64.o\libboost_signals.dll
0x00007fff950a0000 - 0x00007fff950b6000 	C:\Windows\SYSTEM32\VCRUNTIME140.dll
0x00007fffa86c0000 - 0x00007fffa8857000 	C:\Windows\System32\USER32.dll
0x00007fffa52a0000 - 0x00007fffa52c0000 	C:\Windows\System32\win32u.dll
0x00007fffa8470000 - 0x00007fffa8499000 	C:\Windows\System32\GDI32.dll
0x00007fffa5d00000 - 0x00007fffa5e99000 	C:\Windows\System32\gdi32full.dll
0x00007fffa6280000 - 0x00007fffa6320000 	C:\Windows\System32\msvcp_win.dll
0x00007fffa8c90000 - 0x00007fffa8d33000 	C:\Windows\System32\ADVAPI32.dll
0x00007fffa8620000 - 0x00007fffa86be000 	C:\Windows\System32\msvcrt.dll
0x00007fffa8520000 - 0x00007fffa85be000 	C:\Windows\System32\sechost.dll
0x00007fffa6400000 - 0x00007fffa6522000 	C:\Windows\System32\RPCRT4.dll
0x00007fffa69e0000 - 0x00007fffa7ed4000 	C:\Windows\System32\SHELL32.dll
0x00007fffa5cb0000 - 0x00007fffa5cfa000 	C:\Windows\System32\cfgmgr32.dll
0x00007fffa8ab0000 - 0x00007fffa8b58000 	C:\Windows\System32\shcore.dll
0x00007fff4eee0000 - 0x00007fff4f24e000 	G:\Xilinx\Vivado\2018.3\lib\win64.o\libCOIN-all.dll
0x00007fffa8140000 - 0x00007fffa846c000 	C:\Windows\System32\combase.dll
0x00007fffa6320000 - 0x00007fffa639e000 	C:\Windows\System32\bcryptPrimitives.dll
0x00007fffa52c0000 - 0x00007fffa5a0d000 	C:\Windows\System32\windows.storage.dll
0x00007fff7b0d0000 - 0x00007fff7b0e4000 	G:\Xilinx\Vivado\2018.3\lib\win64.o\libboost_date_time.dll
0x00007fffa51d0000 - 0x00007fffa51f4000 	C:\Windows\System32\profapi.dll
0x00007fff4f250000 - 0x00007fff4f505000 	G:\Xilinx\Vivado\2018.3\lib\win64.o\libXil_lmgr11.dll
0x00007fffa8b60000 - 0x00007fffa8c87000 	C:\Windows\System32\COMDLG32.dll
0x00007fffa5200000 - 0x00007fffa525d000 	C:\Windows\System32\powrprof.dll
0x00007fffa7f00000 - 0x00007fffa7f52000 	C:\Windows\System32\SHLWAPI.dll
0x00007fffa5280000 - 0x00007fffa5291000 	C:\Windows\System32\kernel.appcore.dll
0x00007fffa6180000 - 0x00007fffa6197000 	C:\Windows\System32\cryptsp.dll
0x00007fffa8f80000 - 0x00007fffa9044000 	C:\Windows\System32\OLEAUT32.dll
0x00007fffa9050000 - 0x00007fffa91a5000 	C:\Windows\System32\ole32.dll
0x00007fff7b0f0000 - 0x00007fff7b116000 	G:\Xilinx\Vivado\2018.3\lib\win64.o\libboost_filesystem.dll
0x00007fffa8e00000 - 0x00007fffa8e6d000 	C:\Windows\System32\WS2_32.dll
0x00007fffa63a0000 - 0x00007fffa63f9000 	C:\Windows\System32\WINTRUST.dll
0x00007fffa5260000 - 0x00007fffa5272000 	C:\Windows\System32\MSASN1.dll
0x00007fffa5fa0000 - 0x00007fffa617b000 	C:\Windows\System32\CRYPT32.dll
0x00007fff7a8c0000 - 0x00007fff7a93f000 	G:\Xilinx\Vivado\2018.3\lib\win64.o\libboost_program_options.dll
0x00007fff4edc0000 - 0x00007fff4eed4000 	G:\Xilinx\Vivado\2018.3\lib\win64.o\libboost_regex.dll
0x00007fff8de30000 - 0x00007fff8de3b000 	G:\Xilinx\Vivado\2018.3\lib\win64.o\libboost_system.dll
0x00007fff7b0a0000 - 0x00007fff7b0c1000 	G:\Xilinx\Vivado\2018.3\lib\win64.o\libboost_thread.dll
0x00007fff8dc40000 - 0x00007fff8dc4f000 	G:\Xilinx\Vivado\2018.3\lib\win64.o\libboost_xilinx.dll
0x00007fff76ec0000 - 0x00007fff76f42000 	G:\Xilinx\Vivado\2018.3\lib\win64.o\libhdlpsolve.dll
0x00007fff6c940000 - 0x00007fff6c9e5000 	G:\Xilinx\Vivado\2018.3\lib\win64.o\libhdxml.dll
0x00007fff93180000 - 0x00007fff9318a000 	G:\Xilinx\Vivado\2018.3\lib\win64.o\librdi_commonversion.dll
0x00007fff4d920000 - 0x00007fff4e16e600 	G:\Xilinx\Vivado\2018.3\lib\win64.o\libisl_iostreams.dll
0x00007fff658d0000 - 0x00007fff659f1000 	G:\Xilinx\Vivado\2018.3\lib\win64.o\librdi_commonxillic.dll
0x00007fff7a870000 - 0x00007fff7a89e000 	G:\Xilinx\Vivado\2018.3\lib\win64.o\libisl_sysinfo.dll
0x0000000061790000 - 0x00000000618bb000 	G:\Xilinx\Vivado\2018.3\lib\win64.o\tcl85t.dll
0x00007fff79e40000 - 0x00007fff79ea5000 	G:\Xilinx\Vivado\2018.3\lib\win64.o\liblmx6.0.dll
0x00007fff7a6a0000 - 0x00007fff7a6ba000 	G:\Xilinx\Vivado\2018.3\lib\win64.o\pthreadVC2.dll
0x00007fff7a300000 - 0x00007fff7a321000 	G:\Xilinx\Vivado\2018.3\lib\win64.o\librdizlib.dll
0x00007fff7a780000 - 0x00007fff7a79c000 	G:\Xilinx\Vivado\2018.3\lib\win64.o\librdiconfig.dll
0x0000000012000000 - 0x0000000012272000 	G:\Xilinx\Vivado\2018.3\lib\win64.o\xerces-c_3_1.dll
0x00007fff9c710000 - 0x00007fff9c802000 	C:\Windows\SYSTEM32\WINHTTP.dll
0x00007fff96230000 - 0x00007fff96247000 	C:\Windows\SYSTEM32\NETAPI32.dll
0x00007fff905b0000 - 0x00007fff90a91000 	C:\Windows\SYSTEM32\WININET.dll
0x00007fff9f010000 - 0x00007fff9f1e7000 	C:\Windows\SYSTEM32\urlmon.dll
0x00007fff71590000 - 0x00007fff71639000 	C:\Windows\WinSxS\amd64_microsoft.windows.common-controls_6595b64144ccf1df_5.82.17763.802_none_10df24ea6432f255\COMCTL32.dll
0x00007fff95c90000 - 0x00007fff95c99000 	C:\Windows\SYSTEM32\WSOCK32.dll
0x00007fff78d30000 - 0x00007fff78d59000 	C:\Windows\SYSTEM32\VCOMP140.DLL
0x00007fff4ca80000 - 0x00007fff4d911000 	G:\Xilinx\Vivado\2018.3\lib\win64.o\gurobi65.dll
0x00007fff9fab0000 - 0x00007fff9facc000 	C:\Windows\SYSTEM32\dhcpcsvc.DLL
0x00007fffa7ee0000 - 0x00007fffa7ee8000 	C:\Windows\System32\NSI.dll
0x00007fff79860000 - 0x00007fff7987b000 	G:\Xilinx\Vivado\2018.3\lib\win64.o\libboost_iostreams.dll
0x00007fff78d00000 - 0x00007fff78d25000 	G:\Xilinx\Vivado\2018.3\lib\win64.o\libisl_iosutils.dll
0x00007fff990d0000 - 0x00007fff99378000 	C:\Windows\SYSTEM32\iertutil.dll
0x00007fff8da30000 - 0x00007fff8da3d000 	G:\Xilinx\Vivado\2018.3\lib\win64.o\libboost_chrono.dll
0x00007fffa47e0000 - 0x00007fffa47ee000 	C:\Windows\SYSTEM32\NETUTILS.DLL
0x00007fffa4b80000 - 0x00007fffa4b8c000 	C:\Windows\SYSTEM32\CRYPTBASE.DLL
0x00007fffa6530000 - 0x00007fffa655e000 	C:\Windows\System32\IMM32.DLL
0x00007fff4e8c0000 - 0x00007fff4edb5000 	G:\Xilinx\Vivado\2018.3\lib\win64.o\librdi_commontasks.dll
0x00007fffa1020000 - 0x00007fffa102a000 	C:\Windows\SYSTEM32\VERSION.dll
0x00007fff4e640000 - 0x00007fff4e8bf000 	G:\Xilinx\Vivado\2018.3\lib\win64.o\librdi_sio.dll
0x00000000604b0000 - 0x0000000060ed5000 	G:\Xilinx\Vivado\2018.3\tps\win64\jre9.0.4\bin\server\jvm.dll
0x00007fffa7f60000 - 0x00007fffa7f68000 	C:\Windows\System32\PSAPI.DLL
0x00007fffa46d0000 - 0x00007fffa470d000 	C:\Windows\SYSTEM32\IPHLPAPI.DLL
0x00007fffa3430000 - 0x00007fffa3454000 	C:\Windows\SYSTEM32\WINMM.dll
0x00007fff902d0000 - 0x00007fff903bf000 	C:\Windows\SYSTEM32\MSVCR120.dll
0x00007fffa49b0000 - 0x00007fffa4a17000 	C:\Windows\SYSTEM32\MSWSOCK.DLL
0x00007fffa3400000 - 0x00007fffa342d000 	C:\Windows\SYSTEM32\winmmbase.dll
0x00007fff4a6b0000 - 0x00007fff4ca72000 	G:\Xilinx\Vivado\2018.3\lib\win64.o\librdi_tcltasks.dll
0x00007fff4a2d0000 - 0x00007fff4a6ac000 	G:\Xilinx\Vivado\2018.3\lib\win64.o\librdi_bitstream.dll
0x00007fff49f90000 - 0x00007fff4a10e000 	G:\Xilinx\Vivado\2018.3\lib\win64.o\librdi_board.dll
0x00007fff789c0000 - 0x00007fff78a2a000 	G:\Xilinx\Vivado\2018.3\lib\win64.o\librdi_boarddep.dll
0x00007fff56be0000 - 0x00007fff56cbc000 	G:\Xilinx\Vivado\2018.3\lib\win64.o\librdi_chipscope.dll
0x00007fff4a110000 - 0x00007fff4a2c9000 	G:\Xilinx\Vivado\2018.3\lib\win64.o\librdi_chipscopeimpl.dll
0x00007fff48680000 - 0x00007fff49f85000 	G:\Xilinx\Vivado\2018.3\lib\win64.o\librdi_constraints.dll
0x00007fff46860000 - 0x00007fff4867f000 	G:\Xilinx\Vivado\2018.3\lib\win64.o\librdi_coregen.dll
0x00007fff46710000 - 0x00007fff46858000 	G:\Xilinx\Vivado\2018.3\lib\win64.o\librdi_containers.dll
0x00007fff41f10000 - 0x00007fff425ea000 	G:\Xilinx\Vivado\2018.3\lib\win64.o\librdi_coregenipxact.dll
0x00007fff42910000 - 0x00007fff4670b000 	G:\Xilinx\Vivado\2018.3\lib\win64.o\librdi_designutils.dll
0x00007fff30610000 - 0x00007fff41362000 	G:\Xilinx\Vivado\2018.3\lib\win64.o\librdi_device.dll
0x00007fff425f0000 - 0x00007fff4290b000 	G:\Xilinx\Vivado\2018.3\lib\win64.o\librdi_dlyest.dll
0x00007fff41370000 - 0x00007fff418d0000 	G:\Xilinx\Vivado\2018.3\lib\win64.o\librdi_drc.dll
0x00007fff56a20000 - 0x00007fff56ae2000 	G:\Xilinx\Vivado\2018.3\lib\win64.o\librdi_dsp.dll
0x00007fff418d0000 - 0x00007fff41f0f000 	G:\Xilinx\Vivado\2018.3\lib\win64.o\librdi_filemgmt.dll
0x00007fff30330000 - 0x00007fff3060a000 	G:\Xilinx\Vivado\2018.3\lib\win64.o\librdi_guitools.dll
0x00007fff714d0000 - 0x00007fff7152d000 	G:\Xilinx\Vivado\2018.3\lib\win64.o\librdi_hdf.dll
0x00007fff2a980000 - 0x00007fff2bd11000 	G:\Xilinx\Vivado\2018.3\lib\win64.o\librdi_implflow.dll
0x00007fff2fd10000 - 0x00007fff30325000 	G:\Xilinx\Vivado\2018.3\lib\win64.o\librdi_memdata.dll
0x00007fff6ea60000 - 0x00007fff6ead1000 	G:\Xilinx\Vivado\2018.3\lib\win64.o\librdi_memoryarray.dll
0x00007fff2bd20000 - 0x00007fff2f6cc000 	G:\Xilinx\Vivado\2018.3\lib\win64.o\librdi_mig.dll
0x00007fff2f6d0000 - 0x00007fff2fd0b000 	G:\Xilinx\Vivado\2018.3\lib\win64.o\librdi_netlist.dll
0x00007fff6e7c0000 - 0x00007fff6e810000 	G:\Xilinx\Vivado\2018.3\lib\win64.o\librdi_pfi.dll
0x00007fff28460000 - 0x00007fff2a974000 	G:\Xilinx\Vivado\2018.3\lib\win64.o\librdi_place.dll
0x00007fff274f0000 - 0x00007fff277f7000 	G:\Xilinx\Vivado\2018.3\lib\win64.o\librdi_platform.dll
0x00007fff27800000 - 0x00007fff27ef5000 	G:\Xilinx\Vivado\2018.3\lib\win64.o\librdi_power.dll
0x00007fff27f00000 - 0x00007fff28456000 	G:\Xilinx\Vivado\2018.3\lib\win64.o\librdi_project.dll
0x00007fff26710000 - 0x00007fff26e03000 	G:\Xilinx\Vivado\2018.3\lib\win64.o\librdi_psta.dll
0x00007fff26e10000 - 0x00007fff274e9000 	G:\Xilinx\Vivado\2018.3\lib\win64.o\librdi_rsb.dll
0x00007fff25290000 - 0x00007fff25667000 	G:\Xilinx\Vivado\2018.3\lib\win64.o\librdi_runs.dll
0x00007fff25670000 - 0x00007fff25748000 	G:\Xilinx\Vivado\2018.3\lib\win64.o\librdi_runsbase.dll
0x00007fff25750000 - 0x00007fff264dd000 	G:\Xilinx\Vivado\2018.3\lib\win64.o\librdi_timing.dll
0x00007fff264e0000 - 0x00007fff26708000 	G:\Xilinx\Vivado\2018.3\lib\win64.o\librdi_simdata.dll
0x00007fff25130000 - 0x00007fff25284000 	G:\Xilinx\Vivado\2018.3\lib\win64.o\librdi_advchipscopeimpl.dll
0x00007fff6e600000 - 0x00007fff6e64c000 	G:\Xilinx\Vivado\2018.3\lib\win64.o\libboost_serialization.dll
0x00007fff5ba10000 - 0x00007fff5babb000 	G:\Xilinx\Vivado\2018.3\lib\win64.o\librdi_ipconfig_readwrite.dll
0x00007fff76e50000 - 0x00007fff76e88000 	G:\Xilinx\Vivado\2018.3\lib\win64.o\librdi_noc_frameworks.dll
0x00007fff25070000 - 0x00007fff25128000 	G:\Xilinx\Vivado\2018.3\lib\win64.o\librdi_hip_devdesign.dll
0x00007fff23c10000 - 0x00007fff24757000 	G:\Xilinx\Vivado\2018.3\lib\win64.o\libverific.dll
0x00007fff24cb0000 - 0x00007fff25065000 	G:\Xilinx\Vivado\2018.3\lib\win64.o\librdi_hip_config.dll
0x00007fff24760000 - 0x00007fff24cae000 	G:\Xilinx\Vivado\2018.3\lib\win64.o\librdi_xdm.dll
0x00007fff4e5a0000 - 0x00007fff4e63e000 	G:\Xilinx\Vivado\2018.3\lib\win64.o\libise.dll

VM Arguments:
jvm_args: -Dsun.java2d.pmoffscreen=false -Dsun.java2d.xrender=false -Dsun.java2d.d3d=false -Dsun.awt.nopixfmt=true -Dsun.java2d.dpiaware=true -Dsun.java2d.uiScale.enabled=false -Xverify:none -Dswing.aatext=true -XX:-UsePerfData -Djdk.map.althashing.threshold=512 -XX:StringTableSize=4072 --add-opens=java.base/java.nio=ALL-UNNAMED --add-opens=java.desktop/sun.swing=ALL-UNNAMED --add-opens=java.desktop/javax.swing=ALL-UNNAMED --add-opens=java.desktop/javax.swing.tree=ALL-UNNAMED --add-opens=java.desktop/javax.swing.plaf.basic=ALL-UNNAMED --add-opens=java.desktop/javax.swing.plaf.synth=ALL-UNNAMED --add-opens=java.desktop/com.sun.awt=ALL-UNNAMED -XX:NewSize=60m -XX:MaxNewSize=60m -Xms128m -Xmx3072m -Xss5m 
java_command: <unknown>
java_class_path (initial): G:/Xilinx/Vivado/2018.3\lib\classes\alloy.jar;G:/Xilinx/Vivado/2018.3\lib\classes\autopilot.scelaborator.jar;G:/Xilinx/Vivado/2018.3\lib\classes\autopilot.sourceprocessor.jar;G:/Xilinx/Vivado/2018.3\lib\classes\autopilot.tbprocessor.jar;G:/Xilinx/Vivado/2018.3\lib\classes\batik-anim.jar;G:/Xilinx/Vivado/2018.3\lib\classes\batik-awt-util.jar;G:/Xilinx/Vivado/2018.3\lib\classes\batik-bridge.jar;G:/Xilinx/Vivado/2018.3\lib\classes\batik-codec.jar;G:/Xilinx/Vivado/2018.3\lib\classes\batik-css.jar;G:/Xilinx/Vivado/2018.3\lib\classes\batik-dom.jar;G:/Xilinx/Vivado/2018.3\lib\classes\batik-ext.jar;G:/Xilinx/Vivado/2018.3\lib\classes\batik-gui-util.jar;G:/Xilinx/Vivado/2018.3\lib\classes\batik-gvt.jar;G:/Xilinx/Vivado/2018.3\lib\classes\batik-parser.jar;G:/Xilinx/Vivado/2018.3\lib\classes\batik-script.jar;G:/Xilinx/Vivado/2018.3\lib\classes\batik-svg-dom.jar;G:/Xilinx/Vivado/2018.3\lib\classes\batik-swing.jar;G:/Xilinx/Vivado/2018.3\lib\classes\batik-transcoder.jar;G:/Xilinx/Vivado/2018.3\lib\classes\batik-util.jar;G:/Xilinx/Vivado/2018.3\lib\classes\batik-xml.jar;G:/Xilinx/Vivado/2018.3\lib\classes\com.ibm.icu_4.4.2.v20110208.jar;G:/Xilinx/Vivado/2018.3\lib\classes\commons-collections4-4.1.jar;G:/Xilinx/Vivado/2018.3\lib\classes\commons-math-2.2.jar;G:/Xilinx/Vivado/2018.3\lib\classes\dom4j-1.6.1.jar;G:/Xilinx/Vivado/2018.3\lib\classes\guava-18.0.jar;G:/Xilinx/Vivado/2018.3\lib\classes\help.jar;G:/Xilinx/Vivado/2018.3\lib\classes\hsqldb.jar;G:/Xilinx/Vivado/2018.3\lib\classes\jargs.jar;G:/Xilinx/Vivado/2018.3\lib\classes\jaxb-api-2.3.0.jar;G:/Xilinx/Vivado/2018.3\lib\classes\jh.jar;G:/Xilinx/Vivado/2018.3\lib\classes\jide-action.jar;G:/Xilinx/Vivado/2018.3\lib\classes\jide-charts.jar;G:/Xilinx/Vivado/2018.3\lib\classes\jide-common.jar;G:/Xilinx/Vivado/2018.3\lib\classes\jide-components.jar;G:/Xilinx/Vivado/2018.3\lib\classes\jide-dashboard.jar;G:/Xilinx/Vivado/2018.3\lib\classes\jide-data.jar;G:/Xilinx/Vivado/2018.3\lib\classes\jide-dialogs.jar
Launcher Type: generic

Logging:
Log output configuration:
#0: stdout all=warning uptime,level,tags
#1: stderr all=off uptime,level,tags

Environment Variables:
JAVA_HOME=C:\Program Files\Java\jdk1.8.0_211
CLASSPATH=C:\Program Files\Java\jdk1.8.0_211\lib\dt.jar;C:\Program Files\Java\jdk1.8.0_211\lib\tools.jar;
PATH=G:/Xilinx/Vivado/2018.3/bin;G:/Xilinx/Vivado/2018.3/lib/win64.o;G:/Xilinx/Vivado/2018.3/tps/win64/jre9.0.4/bin/server;G:/Xilinx/Vivado/2018.3/tps/win64/jre9.0.4/bin;G:/Xilinx/SDK/2018.3/bin;G:/Xilinx/Vivado/2018.3/ids_lite/ISE/bin/nt64;G:/Xilinx/Vivado/2018.3/ids_lite/ISE/lib/nt64;C:\Program Files (x86)\Common Files\Oracle\Java\javapath;C:\Windows\system32;C:\Windows;C:\Windows\System32\Wbem;C:\Windows\System32\WindowsPowerShell\v1.0\;C:\Windows\System32\OpenSSH\;C:\Program Files\Java\jdk1.8.0_211\bin;C:\Program Files\Java\jdk1.8.0_211\jre\bin;C:\Program Files\dotnet\;C:\Users\howard\app\mingw64\bin;C:\mysql-8.0.16-winx64\bin;C:\Program Files\PuTTY\;C:\Program Files (x86)\openocd\0.6.0\bin;C:\Program Files\Git\cmd;C:\Program Files\CMake\bin;C:\Users\howard\app;C:\Users\howard\app\mconf-v4.6.0.0-idf-20190628-win32;C:\Users\howard\AppData\Local\Programs\Python\Python36\Scripts\;C:\Users\howard\AppData\Local\Programs\Python\Python36\;C:\Users\howard\AppData\Local\Microsoft\WindowsApps;C:\Users\howard\AppData\Local\GitHubDesktop\bin;C:\Users\howard\AppData\Local\Programs\Microsoft VS Code\bin;G:/Xilinx/Vivado/2018.3\tps\mingw\6.2.0\win64.o\nt\bin;G:/Xilinx/Vivado/2018.3\tps\mingw\6.2.0\win64.o\nt\libexec\gcc\x86_64-w64-mingw32\6.2.0
USERNAME=howard
OS=Windows_NT
PROCESSOR_IDENTIFIER=Intel64 Family 6 Model 158 Stepping 9, GenuineIntel



---------------  S Y S T E M  ---------------

OS: Windows 10 , 64 bit Build 17763 (10.0.17763.475)

CPU:total 4 (initial active 4) (2 cores per cpu, 2 threads per core) family 6 model 158 stepping 9, cmov, cx8, fxsr, mmx, sse, sse2, sse3, ssse3, sse4.1, sse4.2, popcnt, avx, avx2, aes, clmul, erms, 3dnowpref, lzcnt, ht, tsc, tscinvbit, bmi1, bmi2, adx, fma

Memory: 4k page, physical 8279264k(2236780k free), swap 15881440k(3951108k free)

vm_info: Java HotSpot(TM) 64-Bit Server VM (9.0.4+11) for windows-amd64 JRE (9.0.4+11), built on Dec 20 2017 02:18:54 by "mach5one" with MS VC++ 12.0 (VS2013)

END.
