#
# A fatal error has been detected by the Java Runtime Environment:
#
#  EXCEPTION_ACCESS_VIOLATION (0xc0000005) at pc=0x00007ff919208310, pid=11516, tid=9952
#
# JRE version: Java(TM) SE Runtime Environment (9.0+11) (build 9.0.4+11)
# Java VM: Java HotSpot(TM) 64-Bit Server VM (9.0.4+11, mixed mode, tiered, compressed oops, g1 gc, windows-amd64)
# Problematic frame:
# C  [librdi_runsbase.dll+0x18310]
#
# No core dump will be written. Minidumps are not enabled by default on client versions of Windows
#
# If you would like to submit a bug report, please visit:
#   http://bugreport.java.com/bugreport/crash.jsp
# The crash happened outside the Java Virtual Machine in native code.
# See problematic frame for where to report the bug.
#

---------------  S U M M A R Y ------------

Command Line: -Dsun.java2d.pmoffscreen=false -Dsun.java2d.xrender=false -Dsun.java2d.d3d=false -Dsun.awt.nopixfmt=true -Dsun.java2d.dpiaware=true -Dsun.java2d.uiScale.enabled=false -Xverify:none -Dswing.aatext=true -XX:-UsePerfData -Djdk.map.althashing.threshold=512 -XX:StringTableSize=4072 --add-opens=java.base/java.nio=ALL-UNNAMED --add-opens=java.desktop/sun.swing=ALL-UNNAMED --add-opens=java.desktop/javax.swing=ALL-UNNAMED --add-opens=java.desktop/javax.swing.tree=ALL-UNNAMED --add-opens=java.desktop/javax.swing.plaf.basic=ALL-UNNAMED --add-opens=java.desktop/javax.swing.plaf.synth=ALL-UNNAMED --add-opens=java.desktop/com.sun.awt=ALL-UNNAMED -XX:NewSize=60m -XX:MaxNewSize=60m -Xms128m -Xmx3072m -Xss5m 

Host: Intel(R) Core(TM) i3-7100 CPU @ 3.90GHz, 4 cores, 15G,  Windows 10 , 64 bit Build 17134 (10.0.17134.648)
Time: Thu Mar 21 19:32:05 2019 ?D1¨²¡À¨º¡Á?¨º¡À?? elapsed time: 178 seconds (0d 0h 2m 58s)

---------------  T H R E A D  ---------------

Current thread (0x0000019a44889800):  JavaThread "Update Runs Swing Worker" [_thread_in_native, id=9952, stack(0x0000008dfa700000,0x0000008dfac00000)]

Stack: [0x0000008dfa700000,0x0000008dfac00000],  sp=0x0000008dfabfec28,  free space=5115k
Native frames: (J=compiled Java code, j=interpreted, Vv=VM code, C=native code)
C  [librdi_runsbase.dll+0x18310]

Java frames: (J=compiled Java code, j=interpreted, Vv=VM code)
j  ui.project.projecti.HAPRRunMgr_updateAllRuns(J)V+0
j  ui.data.experiment.y.aJH()V+4
j  ui.data.experiment.A.construct()Ljava/lang/Object;+47
j  ui.frmwork.y.run()V+23
j  java.lang.Thread.run()V+11 java.base@9.0.4
v  ~StubRoutines::call_stub

siginfo: EXCEPTION_ACCESS_VIOLATION (0xc0000005), reading address 0x0000000000000028


Register to memory mapping:

RIP=0x00007ff919208310 librdi_runsbase.dll
RAX=0x0000000000000001 is an unknown value
RBX=0x0000000000000000 is an unknown value
RCX=0x0000000000000000 is an unknown value
RDX=0x0000019a09f70000 is an unknown value
RSP=0x0000008dfabfec28 is pointing into the stack for thread: 0x0000019a44889800
RBP=0x0000008dfabfed30 is pointing into the stack for thread: 0x0000019a44889800
RSI=0x0000019a41c1b070 is an unknown value
RDI=0x0000019a426ac710 is an unknown value
R8 =0x0000019a09e92dc0 is an unknown value
R9 =0x0000000000008000 is an unknown value
R10=0x0000000000000000 is an unknown value
R11=0x0000008dfabfe9b0 is pointing into the stack for thread: 0x0000019a44889800
R12=0x0000019a0bac9240 is an unknown value
R13=0x0000000000000009 is an unknown value
R14=0x0000000000000000 is an unknown value
R15=0x0000000000000009 is an unknown value


Registers:
RAX=0x0000000000000001, RBX=0x0000000000000000, RCX=0x0000000000000000, RDX=0x0000019a09f70000
RSP=0x0000008dfabfec28, RBP=0x0000008dfabfed30, RSI=0x0000019a41c1b070, RDI=0x0000019a426ac710
R8 =0x0000019a09e92dc0, R9 =0x0000000000008000, R10=0x0000000000000000, R11=0x0000008dfabfe9b0
R12=0x0000019a0bac9240, R13=0x0000000000000009, R14=0x0000000000000000, R15=0x0000000000000009
RIP=0x00007ff919208310, EFLAGS=0x0000000000010202

Top of Stack: (sp=0x0000008dfabfec28)
0x0000008dfabfec28:   00007ff8e3ba816a 0000019a41c1b070
0x0000008dfabfec38:   0000019a41c1b110 0000000000000000
0x0000008dfabfec48:   0000019a426ad4d0 000000035c91aaa1
0x0000008dfabfec58:   00007ff954fa922b 0000000000000040
0x0000008dfabfec68:   0000000000000000 0000000000000040
0x0000008dfabfec78:   0000000000000000 fffffffffffffffe
0x0000008dfabfec88:   0000000000000002 0000008d00000002
0x0000008dfabfec98:   0000000000000000 0000019a0bac9240
0x0000008dfabfeca8:   0000000000000000 0000000000000000
0x0000008dfabfecb8:   0000000000000002 0000019a3b0b19f0
0x0000008dfabfecc8:   00007ff90d1e3e00 0000000000000001
0x0000008dfabfecd8:   0000000000000002 0000019a3b0b19f0
0x0000008dfabfece8:   00007ff93cb055e3 0000000000000001
0x0000008dfabfecf8:   00007ff90d1e7671 0000008dfabff080
0x0000008dfabfed08:   0000000000000000 0000019a37169100
0x0000008dfabfed18:   0000000000000009 000000000000003f 

Instructions: (pc=0x00007ff919208310)
0x00007ff9192082f0:   33 cc e8 69 17 05 00 48 8b 9c 24 d0 00 00 00 48
0x00007ff919208300:   81 c4 a0 00 00 00 5f 5e 5d c3 cc cc cc cc cc cc
0x00007ff919208310:   48 8b 41 28 c3 cc cc cc cc cc cc cc cc cc cc cc
0x00007ff919208320:   40 53 48 83 ec 20 48 8b 59 48 48 89 6c 24 30 48 



---------------  P R O C E S S  ---------------

Java Threads: ( => current thread )
  0x0000019a36818800 JavaThread "Resetting Runs" [_thread_blocked, id=1480, stack(0x0000008dfc000000,0x0000008dfc500000)]
  0x0000019a36816000 JavaThread "Monitor File Timestamp Swing Worker" [_thread_blocked, id=13480, stack(0x0000008df9800000,0x0000008df9d00000)]
  0x0000019a36817800 JavaThread "Timer-2" [_thread_blocked, id=212, stack(0x0000008df7c00000,0x0000008df8100000)]
  0x0000019a36812800 JavaThread "Image Animator 0" daemon [_thread_blocked, id=15828, stack(0x0000008dfca00000,0x0000008dfcf00000)]
  0x0000019a10e38800 JavaThread "SyntheticaAnimation 50" daemon [_thread_blocked, id=5052, stack(0x0000008dfbb00000,0x0000008dfc000000)]
  0x0000019a4488d800 JavaThread "Monitor File Timestamp Swing Worker" [_thread_blocked, id=11328, stack(0x0000008dfb600000,0x0000008dfbb00000)]
  0x0000019a4488c800 JavaThread "Timer-0" [_thread_blocked, id=13332, stack(0x0000008dfb100000,0x0000008dfb600000)]
  0x0000019a4488e000 JavaThread "hw_ila_monitor" [_thread_blocked, id=12160, stack(0x0000008dfac00000,0x0000008dfb100000)]
=>0x0000019a44889800 JavaThread "Update Runs Swing Worker" [_thread_in_native, id=9952, stack(0x0000008dfa700000,0x0000008dfac00000)]
  0x0000019a10e39800 JavaThread "Refresh Filesets Swing Worker" [_thread_blocked, id=12360, stack(0x0000008dfa200000,0x0000008dfa700000)]
  0x0000019a10e37000 JavaThread "SyntheticaAnimation 70" daemon [_thread_blocked, id=7636, stack(0x0000008df9d00000,0x0000008dfa200000)]
  0x0000019a10e36800 JavaThread "SyntheticaAnimation 25" daemon [_thread_blocked, id=11932, stack(0x0000008df9300000,0x0000008df9800000)]
  0x0000019a10e35800 JavaThread "SyntheticaAnimation 50" daemon [_thread_blocked, id=13348, stack(0x0000008df7700000,0x0000008df7c00000)]
  0x0000019a10e35000 JavaThread "Monitor HEventQueue" [_thread_blocked, id=6588, stack(0x0000008df8e00000,0x0000008df9300000)]
  0x0000019a10e38000 JavaThread "Batik CleanerThread" daemon [_thread_blocked, id=3596, stack(0x0000008df8100000,0x0000008df8600000)]
  0x0000019a10e33800 JavaThread "SyntheticaCleanerThread" daemon [_thread_blocked, id=2892, stack(0x0000008df6800000,0x0000008df6d00000)]
  0x0000019a349a5000 JavaThread "AWT-EventQueue-1" [_thread_in_vm, id=524, stack(0x0000008df7200000,0x0000008df7700000)]
  0x0000019a3512c000 JavaThread "Process Messages" [_thread_blocked, id=16460, stack(0x0000008df6d00000,0x0000008df7200000)]
  0x0000019a34b0f000 JavaThread "Thread-1" [_thread_in_native, id=5664, stack(0x0000008df0500000,0x0000008df1900000)]
  0x0000019a345fa800 JavaThread "TimerQueue" daemon [_thread_blocked, id=18160, stack(0x0000008df5e00000,0x0000008df6300000)]
  0x0000019a1262a000 JavaThread "AWT-Windows" daemon [_thread_in_native, id=2388, stack(0x0000008df5900000,0x0000008df5e00000)]
  0x0000019a34573000 JavaThread "AWT-Shutdown" [_thread_blocked, id=10736, stack(0x0000008df5400000,0x0000008df5900000)]
  0x0000019a34572000 JavaThread "Java2D Disposer" daemon [_thread_blocked, id=12856, stack(0x0000008df4f00000,0x0000008df5400000)]
  0x0000019a0fa03800 JavaThread "Service Thread" daemon [_thread_blocked, id=4764, stack(0x0000008df4900000,0x0000008df4e00000)]
  0x0000019a10dcf000 JavaThread "Common-Cleaner" daemon [_thread_blocked, id=14288, stack(0x0000008df4400000,0x0000008df4900000)]
  0x0000019a10e34000 JavaThread "Sweeper thread" daemon [_thread_blocked, id=12472, stack(0x0000008df3f00000,0x0000008df4400000)]
  0x0000019a0f939800 JavaThread "C1 CompilerThread2" daemon [_thread_blocked, id=3444, stack(0x0000008df3e00000,0x0000008df3f00000)]
  0x0000019a10d87000 JavaThread "C2 CompilerThread1" daemon [_thread_blocked, id=18408, stack(0x0000008df3d00000,0x0000008df3e00000)]
  0x0000019a11002000 JavaThread "C2 CompilerThread0" daemon [_thread_blocked, id=5284, stack(0x0000008df3c00000,0x0000008df3d00000)]
  0x0000019a11001800 JavaThread "Attach Listener" daemon [_thread_blocked, id=17024, stack(0x0000008df3700000,0x0000008df3c00000)]
  0x0000019a0fa65000 JavaThread "Signal Dispatcher" daemon [_thread_blocked, id=5060, stack(0x0000008df3200000,0x0000008df3700000)]
  0x0000019a1125a000 JavaThread "Finalizer" daemon [_thread_blocked, id=6788, stack(0x0000008df2d00000,0x0000008df3200000)]
  0x0000019a11259800 JavaThread "Reference Handler" daemon [_thread_blocked, id=12108, stack(0x0000008df2800000,0x0000008df2d00000)]
  0x0000019a11144000 JavaThread "main" [_thread_blocked, id=988, stack(0x0000008df0400000,0x0000008df0500000)]

Other Threads:
  0x0000019a14fe3000 VMThread "VM Thread" [stack: 0x0000008df2700000,0x0000008df2800000] [id=1548]
  0x0000019a10045800 WatcherThread [stack: 0x0000008df4e00000,0x0000008df4f00000] [id=14884]
  0x0000019a11479800 GCTaskThread "GC Thread#0" [stack: 0x0000008df1c00000,0x0000008df1d00000] [id=15760]
  0x0000019a1147a000 GCTaskThread "GC Thread#1" [stack: 0x0000008df1d00000,0x0000008df1e00000] [id=10048]
  0x0000019a0f897800 GCTaskThread "GC Thread#2" [stack: 0x0000008df1e00000,0x0000008df1f00000] [id=11556]
  0x0000019a10de8800 GCTaskThread "GC Thread#3" [stack: 0x0000008df1f00000,0x0000008df2000000] [id=2364]
  0x0000019a122d7000 ConcurrentGCThread "G1 Main Marker" [stack: 0x0000008df2500000,0x0000008df2600000] [id=6664]
  0x0000019a10b67800 ConcurrentGCThread "G1 Marker#0" [stack: 0x0000008df2600000,0x0000008df2700000] [id=10744]
  0x0000019a154a8800 ConcurrentGCThread "G1 Refine#0" [stack: 0x0000008df2300000,0x0000008df2400000] [id=15692]
  0x0000019a155dd800 ConcurrentGCThread "G1 Refine#1" [stack: 0x0000008df2200000,0x0000008df2300000] [id=2208]
  0x0000019a1527b800 ConcurrentGCThread "G1 Refine#2" [stack: 0x0000008df2100000,0x0000008df2200000] [id=1752]
  0x0000019a110d6000 ConcurrentGCThread "G1 Refine#3" [stack: 0x0000008df2000000,0x0000008df2100000] [id=16568]
  0x0000019a112de800 ConcurrentGCThread "G1 Young RemSet Sampling" [stack: 0x0000008df2400000,0x0000008df2500000] [id=7588]

Threads with active compile tasks:

VM state:not at safepoint (normal execution)

VM Mutex/Monitor currently owned by a thread:  ([mutex/lock_event])
[0x0000019a121657c0] AdapterHandlerLibrary_lock - owner thread: 0x0000019a349a5000

Heap address: 0x0000000700000000, size: 3072 MB, Compressed Oops mode: Zero based, Oop shift amount: 3
Narrow klass base: 0x0000000000000000, Narrow klass shift: 3
Compressed class space size: 1073741824 Address: 0x00000007c0000000

Heap:
 garbage-first heap   total 175104K, used 109887K [0x0000000700000000, 0x0000000700100558, 0x00000007c0000000)
  region size 1024K, 50 young (51200K), 3 survivors (3072K)
 Metaspace       used 76668K, capacity 81744K, committed 81800K, reserved 1120256K
  class space    used 10528K, capacity 11426K, committed 11440K, reserved 1048576K
Heap Regions: E=young(eden), S=young(survivor), O=old, HS=humongous(starts), HC=humongous(continues), CS=collection set, F=free, A=archive, TS=gc time stamp, AC=allocation context, TAMS=top-at-mark-start (previous, next)
|   0|0x0000000700000000, 0x00000007000ff480, 0x0000000700100000| 99%| O|  |TS  0|AC  0|TAMS 0x0000000700000000, 0x0000000700000000|
|   1|0x0000000700100000, 0x0000000700200000, 0x0000000700200000|100%|HS|  |TS  0|AC  0|TAMS 0x0000000700100000, 0x0000000700100000|
|   2|0x0000000700200000, 0x0000000700300000, 0x0000000700300000|100%|HC|  |TS  0|AC  0|TAMS 0x0000000700200000, 0x0000000700200000|
|   3|0x0000000700300000, 0x0000000700400000, 0x0000000700400000|100%|HS|  |TS  0|AC  0|TAMS 0x0000000700300000, 0x0000000700300000|
|   4|0x0000000700400000, 0x00000007004fffb8, 0x0000000700500000| 99%| O|  |TS  0|AC  0|TAMS 0x0000000700400000, 0x0000000700400000|
|   5|0x0000000700500000, 0x0000000700600000, 0x0000000700600000|100%| O|  |TS  0|AC  0|TAMS 0x0000000700500000, 0x0000000700500000|
|   6|0x0000000700600000, 0x00000007006fffb8, 0x0000000700700000| 99%| O|  |TS  0|AC  0|TAMS 0x0000000700600000, 0x0000000700600000|
|   7|0x0000000700700000, 0x00000007007fffe8, 0x0000000700800000| 99%| O|  |TS  0|AC  0|TAMS 0x0000000700700000, 0x0000000700700000|
|   8|0x0000000700800000, 0x0000000700900000, 0x0000000700900000|100%| O|  |TS  0|AC  0|TAMS 0x0000000700800000, 0x0000000700800000|
|   9|0x0000000700900000, 0x00000007009ff658, 0x0000000700a00000| 99%| O|  |TS  0|AC  0|TAMS 0x0000000700900000, 0x0000000700900000|
|  10|0x0000000700a00000, 0x0000000700ad5ea8, 0x0000000700b00000| 83%| O|  |TS  0|AC  0|TAMS 0x0000000700a00000, 0x0000000700a00000|
|  11|0x0000000700b00000, 0x0000000700bfef18, 0x0000000700c00000| 99%| O|  |TS  0|AC  0|TAMS 0x0000000700b00000, 0x0000000700b00000|
|  12|0x0000000700c00000, 0x0000000700cd91f8, 0x0000000700d00000| 84%| O|  |TS  0|AC  0|TAMS 0x0000000700c00000, 0x0000000700c00000|
|  13|0x0000000700d00000, 0x0000000700dfffd0, 0x0000000700e00000| 99%| O|  |TS  0|AC  0|TAMS 0x0000000700d00000, 0x0000000700d00000|
|  14|0x0000000700e00000, 0x0000000700effff8, 0x0000000700f00000| 99%| O|  |TS  0|AC  0|TAMS 0x0000000700e00000, 0x0000000700e00000|
|  15|0x0000000700f00000, 0x0000000700fea918, 0x0000000701000000| 91%| O|  |TS  0|AC  0|TAMS 0x0000000700f00000, 0x0000000700f00000|
|  16|0x0000000701000000, 0x00000007010fffa8, 0x0000000701100000| 99%| O|  |TS  0|AC  0|TAMS 0x0000000701000000, 0x0000000701000000|
|  17|0x0000000701100000, 0x00000007011ffff0, 0x0000000701200000| 99%| O|  |TS  0|AC  0|TAMS 0x0000000701100000, 0x0000000701100000|
|  18|0x0000000701200000, 0x00000007012fff78, 0x0000000701300000| 99%| O|  |TS  0|AC  0|TAMS 0x0000000701200000, 0x0000000701200000|
|  19|0x0000000701300000, 0x00000007013f4e28, 0x0000000701400000| 95%| O|  |TS  0|AC  0|TAMS 0x0000000701300000, 0x0000000701300000|
|  20|0x0000000701400000, 0x00000007014fffb0, 0x0000000701500000| 99%| O|  |TS  0|AC  0|TAMS 0x0000000701400000, 0x0000000701400000|
|  21|0x0000000701500000, 0x00000007015ffef0, 0x0000000701600000| 99%| O|  |TS  0|AC  0|TAMS 0x0000000701500000, 0x0000000701500000|
|  22|0x0000000701600000, 0x00000007016ffe90, 0x0000000701700000| 99%| O|  |TS  0|AC  0|TAMS 0x0000000701600000, 0x0000000701600000|
|  23|0x0000000701700000, 0x00000007017ffff0, 0x0000000701800000| 99%| O|  |TS  0|AC  0|TAMS 0x0000000701700000, 0x0000000701700000|
|  24|0x0000000701800000, 0x00000007018ffff8, 0x0000000701900000| 99%| O|  |TS  0|AC  0|TAMS 0x0000000701800000, 0x0000000701800000|
|  25|0x0000000701900000, 0x00000007019ffe38, 0x0000000701a00000| 99%| O|  |TS  0|AC  0|TAMS 0x0000000701900000, 0x0000000701900000|
|  26|0x0000000701a00000, 0x0000000701affff8, 0x0000000701b00000| 99%| O|  |TS  0|AC  0|TAMS 0x0000000701a00000, 0x0000000701a00000|
|  27|0x0000000701b00000, 0x0000000701bffff0, 0x0000000701c00000| 99%| O|  |TS  0|AC  0|TAMS 0x0000000701b00000, 0x0000000701b00000|
|  28|0x0000000701c00000, 0x0000000701cffff0, 0x0000000701d00000| 99%| O|  |TS  0|AC  0|TAMS 0x0000000701c00000, 0x0000000701c00000|
|  29|0x0000000701d00000, 0x0000000701dffff0, 0x0000000701e00000| 99%| O|  |TS  0|AC  0|TAMS 0x0000000701d00000, 0x0000000701d00000|
|  30|0x0000000701e00000, 0x0000000701efffd8, 0x0000000701f00000| 99%| O|  |TS  0|AC  0|TAMS 0x0000000701e00000, 0x0000000701e00000|
|  31|0x0000000701f00000, 0x0000000701fff858, 0x0000000702000000| 99%| O|  |TS  0|AC  0|TAMS 0x0000000701f00000, 0x0000000701f00000|
|  32|0x0000000702000000, 0x00000007020ffff0, 0x0000000702100000| 99%| O|  |TS  0|AC  0|TAMS 0x0000000702000000, 0x0000000702000000|
|  33|0x0000000702100000, 0x00000007021fffe8, 0x0000000702200000| 99%| O|  |TS  0|AC  0|TAMS 0x0000000702100000, 0x0000000702100000|
|  34|0x0000000702200000, 0x00000007022fffe8, 0x0000000702300000| 99%| O|  |TS  0|AC  0|TAMS 0x0000000702200000, 0x0000000702200000|
|  35|0x0000000702300000, 0x00000007023fffd0, 0x0000000702400000| 99%| O|  |TS  0|AC  0|TAMS 0x0000000702300000, 0x0000000702300000|
|  36|0x0000000702400000, 0x00000007024ffff8, 0x0000000702500000| 99%| O|  |TS  0|AC  0|TAMS 0x0000000702400000, 0x0000000702400000|
|  37|0x0000000702500000, 0x00000007025ffff8, 0x0000000702600000| 99%| O|  |TS  0|AC  0|TAMS 0x0000000702500000, 0x0000000702500000|
|  38|0x0000000702600000, 0x00000007026fed38, 0x0000000702700000| 99%| O|  |TS  0|AC  0|TAMS 0x0000000702600000, 0x0000000702600000|
|  39|0x0000000702700000, 0x0000000702800000, 0x0000000702800000|100%|HS|  |TS  0|AC  0|TAMS 0x0000000702700000, 0x0000000702700000|
|  40|0x0000000702800000, 0x0000000702900000, 0x0000000702900000|100%|HC|  |TS  0|AC  0|TAMS 0x0000000702800000, 0x0000000702800000|
|  41|0x0000000702900000, 0x0000000702a00000, 0x0000000702a00000|100%|HC|  |TS  0|AC  0|TAMS 0x0000000702900000, 0x0000000702900000|
|  42|0x0000000702a00000, 0x0000000702b00000, 0x0000000702b00000|100%|HC|  |TS  0|AC  0|TAMS 0x0000000702a00000, 0x0000000702a00000|
|  43|0x0000000702b00000, 0x0000000702c00000, 0x0000000702c00000|100%|HC|  |TS  0|AC  0|TAMS 0x0000000702b00000, 0x0000000702b00000|
|  44|0x0000000702c00000, 0x0000000702d00000, 0x0000000702d00000|100%|HC|  |TS  0|AC  0|TAMS 0x0000000702c00000, 0x0000000702c00000|
|  45|0x0000000702d00000, 0x0000000702e00000, 0x0000000702e00000|100%|HC|  |TS  0|AC  0|TAMS 0x0000000702d00000, 0x0000000702d00000|
|  46|0x0000000702e00000, 0x0000000702f00000, 0x0000000702f00000|100%|HC|  |TS  0|AC  0|TAMS 0x0000000702e00000, 0x0000000702e00000|
|  47|0x0000000702f00000, 0x0000000702ffffb0, 0x0000000703000000| 99%| O|  |TS  0|AC  0|TAMS 0x0000000702f00000, 0x0000000702f00000|
|  48|0x0000000703000000, 0x00000007030fe238, 0x0000000703100000| 99%| O|  |TS  0|AC  0|TAMS 0x0000000703000000, 0x0000000703000000|
|  49|0x0000000703100000, 0x00000007031ffff0, 0x0000000703200000| 99%| O|  |TS  0|AC  0|TAMS 0x0000000703100000, 0x0000000703100000|
|  50|0x0000000703200000, 0x00000007032ffff8, 0x0000000703300000| 99%| O|  |TS  0|AC  0|TAMS 0x0000000703200000, 0x0000000703200000|
|  51|0x0000000703300000, 0x00000007033fffc8, 0x0000000703400000| 99%| O|  |TS  0|AC  0|TAMS 0x0000000703300000, 0x0000000703300000|
|  52|0x0000000703400000, 0x00000007034fff20, 0x0000000703500000| 99%| O|  |TS  0|AC  0|TAMS 0x0000000703400000, 0x0000000703400000|
|  53|0x0000000703500000, 0x00000007035fffe0, 0x0000000703600000| 99%| O|  |TS  0|AC  0|TAMS 0x0000000703500000, 0x0000000703500000|
|  54|0x0000000703600000, 0x00000007036ffff8, 0x0000000703700000| 99%| O|  |TS  0|AC  0|TAMS 0x0000000703600000, 0x0000000703600000|
|  55|0x0000000703700000, 0x00000007037ffff0, 0x0000000703800000| 99%| O|  |TS  0|AC  0|TAMS 0x0000000703700000, 0x0000000703700000|
|  56|0x0000000703800000, 0x0000000703900000, 0x0000000703900000|100%| O|  |TS  0|AC  0|TAMS 0x0000000703800000, 0x0000000703800000|
|  57|0x0000000703900000, 0x0000000703a00000, 0x0000000703a00000|100%| O|  |TS  0|AC  0|TAMS 0x0000000703900000, 0x0000000703900000|
|  58|0x0000000703a00000, 0x0000000703b00000, 0x0000000703b00000|100%| O|  |TS  0|AC  0|TAMS 0x0000000703a00000, 0x0000000703a00000|
|  59|0x0000000703b00000, 0x0000000703bad4b8, 0x0000000703c00000| 67%| O|  |TS  0|AC  0|TAMS 0x0000000703b00000, 0x0000000703b00000|
|  60|0x0000000703c00000, 0x0000000703c00000, 0x0000000703d00000|  0%| F|  |TS  0|AC  0|TAMS 0x0000000703c00000, 0x0000000703c00000|
|  61|0x0000000703d00000, 0x0000000703d00000, 0x0000000703e00000|  0%| F|  |TS  0|AC  0|TAMS 0x0000000703d00000, 0x0000000703d00000|
|  62|0x0000000703e00000, 0x0000000703e00000, 0x0000000703f00000|  0%| F|  |TS  0|AC  0|TAMS 0x0000000703e00000, 0x0000000703e00000|
|  63|0x0000000703f00000, 0x0000000703f00000, 0x0000000704000000|  0%| F|  |TS  0|AC  0|TAMS 0x0000000703f00000, 0x0000000703f00000|
|  64|0x0000000704000000, 0x0000000704000000, 0x0000000704100000|  0%| F|  |TS  0|AC  0|TAMS 0x0000000704000000, 0x0000000704000000|
|  65|0x0000000704100000, 0x0000000704100000, 0x0000000704200000|  0%| F|  |TS  0|AC  0|TAMS 0x0000000704100000, 0x0000000704100000|
|  66|0x0000000704200000, 0x0000000704200000, 0x0000000704300000|  0%| F|  |TS  0|AC  0|TAMS 0x0000000704200000, 0x0000000704200000|
|  67|0x0000000704300000, 0x0000000704300000, 0x0000000704400000|  0%| F|  |TS  0|AC  0|TAMS 0x0000000704300000, 0x0000000704300000|
|  68|0x0000000704400000, 0x0000000704400000, 0x0000000704500000|  0%| F|  |TS  0|AC  0|TAMS 0x0000000704400000, 0x0000000704400000|
|  69|0x0000000704500000, 0x0000000704500000, 0x0000000704600000|  0%| F|  |TS  0|AC  0|TAMS 0x0000000704500000, 0x0000000704500000|
|  70|0x0000000704600000, 0x0000000704600000, 0x0000000704700000|  0%| F|  |TS  0|AC  0|TAMS 0x0000000704600000, 0x0000000704600000|
|  71|0x0000000704700000, 0x0000000704700000, 0x0000000704800000|  0%| F|  |TS  0|AC  0|TAMS 0x0000000704700000, 0x0000000704700000|
|  72|0x0000000704800000, 0x0000000704800000, 0x0000000704900000|  0%| F|  |TS  0|AC  0|TAMS 0x0000000704800000, 0x0000000704800000|
|  73|0x0000000704900000, 0x0000000704900000, 0x0000000704a00000|  0%| F|  |TS  0|AC  0|TAMS 0x0000000704900000, 0x0000000704900000|
|  74|0x0000000704a00000, 0x0000000704a00000, 0x0000000704b00000|  0%| F|  |TS  0|AC  0|TAMS 0x0000000704a00000, 0x0000000704a00000|
|  75|0x0000000704b00000, 0x0000000704b00000, 0x0000000704c00000|  0%| F|  |TS  0|AC  0|TAMS 0x0000000704b00000, 0x0000000704b00000|
|  76|0x0000000704c00000, 0x0000000704c00000, 0x0000000704d00000|  0%| F|  |TS  0|AC  0|TAMS 0x0000000704c00000, 0x0000000704c00000|
|  77|0x0000000704d00000, 0x0000000704d00000, 0x0000000704e00000|  0%| F|  |TS  0|AC  0|TAMS 0x0000000704d00000, 0x0000000704d00000|
|  78|0x0000000704e00000, 0x0000000704e00000, 0x0000000704f00000|  0%| F|  |TS  0|AC  0|TAMS 0x0000000704e00000, 0x0000000704e00000|
|  79|0x0000000704f00000, 0x0000000704f00000, 0x0000000705000000|  0%| F|  |TS  0|AC  0|TAMS 0x0000000704f00000, 0x0000000704f00000|
|  80|0x0000000705000000, 0x0000000705000000, 0x0000000705100000|  0%| F|  |TS  0|AC  0|TAMS 0x0000000705000000, 0x0000000705000000|
|  81|0x0000000705100000, 0x0000000705100000, 0x0000000705200000|  0%| F|  |TS  0|AC  0|TAMS 0x0000000705100000, 0x0000000705100000|
|  82|0x0000000705200000, 0x0000000705200000, 0x0000000705300000|  0%| F|  |TS  0|AC  0|TAMS 0x0000000705200000, 0x0000000705200000|
|  83|0x0000000705300000, 0x0000000705300000, 0x0000000705400000|  0%| F|  |TS  0|AC  0|TAMS 0x0000000705300000, 0x0000000705300000|
|  84|0x0000000705400000, 0x0000000705400000, 0x0000000705500000|  0%| F|  |TS  0|AC  0|TAMS 0x0000000705400000, 0x0000000705400000|
|  85|0x0000000705500000, 0x0000000705500000, 0x0000000705600000|  0%| F|  |TS  0|AC  0|TAMS 0x0000000705500000, 0x0000000705500000|
|  86|0x0000000705600000, 0x0000000705600000, 0x0000000705700000|  0%| F|  |TS  0|AC  0|TAMS 0x0000000705600000, 0x0000000705600000|
|  87|0x0000000705700000, 0x0000000705700000, 0x0000000705800000|  0%| F|  |TS  0|AC  0|TAMS 0x0000000705700000, 0x0000000705700000|
|  88|0x0000000705800000, 0x0000000705800000, 0x0000000705900000|  0%| F|  |TS  0|AC  0|TAMS 0x0000000705800000, 0x0000000705800000|
|  89|0x0000000705900000, 0x0000000705900000, 0x0000000705a00000|  0%| F|  |TS  0|AC  0|TAMS 0x0000000705900000, 0x0000000705900000|
|  90|0x0000000705a00000, 0x0000000705a00000, 0x0000000705b00000|  0%| F|  |TS  0|AC  0|TAMS 0x0000000705a00000, 0x0000000705a00000|
|  91|0x0000000705b00000, 0x0000000705b00000, 0x0000000705c00000|  0%| F|  |TS  0|AC  0|TAMS 0x0000000705b00000, 0x0000000705b00000|
|  92|0x0000000705c00000, 0x0000000705c00000, 0x0000000705d00000|  0%| F|  |TS  0|AC  0|TAMS 0x0000000705c00000, 0x0000000705c00000|
|  93|0x0000000705d00000, 0x0000000705d00000, 0x0000000705e00000|  0%| F|  |TS  0|AC  0|TAMS 0x0000000705d00000, 0x0000000705d00000|
|  94|0x0000000705e00000, 0x0000000705e00000, 0x0000000705f00000|  0%| F|  |TS  0|AC  0|TAMS 0x0000000705e00000, 0x0000000705e00000|
|  95|0x0000000705f00000, 0x0000000705f00000, 0x0000000706000000|  0%| F|  |TS  0|AC  0|TAMS 0x0000000705f00000, 0x0000000705f00000|
|  96|0x0000000706000000, 0x0000000706000000, 0x0000000706100000|  0%| F|  |TS  0|AC  0|TAMS 0x0000000706000000, 0x0000000706000000|
|  97|0x0000000706100000, 0x0000000706100000, 0x0000000706200000|  0%| F|  |TS  0|AC  0|TAMS 0x0000000706100000, 0x0000000706100000|
|  98|0x0000000706200000, 0x0000000706200000, 0x0000000706300000|  0%| F|  |TS  0|AC  0|TAMS 0x0000000706200000, 0x0000000706200000|
|  99|0x0000000706300000, 0x0000000706300000, 0x0000000706400000|  0%| F|  |TS  0|AC  0|TAMS 0x0000000706300000, 0x0000000706300000|
| 100|0x0000000706400000, 0x0000000706400000, 0x0000000706500000|  0%| F|  |TS  0|AC  0|TAMS 0x0000000706400000, 0x0000000706400000|
| 101|0x0000000706500000, 0x0000000706500000, 0x0000000706600000|  0%| F|  |TS  0|AC  0|TAMS 0x0000000706500000, 0x0000000706500000|
| 102|0x0000000706600000, 0x0000000706600000, 0x0000000706700000|  0%| F|  |TS  0|AC  0|TAMS 0x0000000706600000, 0x0000000706600000|
| 103|0x0000000706700000, 0x0000000706700000, 0x0000000706800000|  0%| F|  |TS  0|AC  0|TAMS 0x0000000706700000, 0x0000000706700000|
| 104|0x0000000706800000, 0x0000000706800000, 0x0000000706900000|  0%| F|  |TS  0|AC  0|TAMS 0x0000000706800000, 0x0000000706800000|
| 105|0x0000000706900000, 0x0000000706900000, 0x0000000706a00000|  0%| F|  |TS  0|AC  0|TAMS 0x0000000706900000, 0x0000000706900000|
| 106|0x0000000706a00000, 0x0000000706a00000, 0x0000000706b00000|  0%| F|  |TS  0|AC  0|TAMS 0x0000000706a00000, 0x0000000706a00000|
| 107|0x0000000706b00000, 0x0000000706b00000, 0x0000000706c00000|  0%| F|  |TS  0|AC  0|TAMS 0x0000000706b00000, 0x0000000706b00000|
| 108|0x0000000706c00000, 0x0000000706c1a738, 0x0000000706d00000| 10%| S|CS|TS  5|AC  0|TAMS 0x0000000706c00000, 0x0000000706c00000|
| 109|0x0000000706d00000, 0x0000000706e00000, 0x0000000706e00000|100%| S|CS|TS  5|AC  0|TAMS 0x0000000706d00000, 0x0000000706d00000|
| 110|0x0000000706e00000, 0x0000000706f00000, 0x0000000706f00000|100%| S|CS|TS  5|AC  0|TAMS 0x0000000706e00000, 0x0000000706e00000|
| 111|0x0000000706f00000, 0x0000000706f00000, 0x0000000707000000|  0%| F|  |TS  5|AC  0|TAMS 0x0000000706f00000, 0x0000000706f00000|
| 112|0x0000000707000000, 0x0000000707000000, 0x0000000707100000|  0%| F|  |TS  5|AC  0|TAMS 0x0000000707000000, 0x0000000707000000|
| 113|0x0000000707100000, 0x0000000707100000, 0x0000000707200000|  0%| F|  |TS  5|AC  0|TAMS 0x0000000707100000, 0x0000000707100000|
| 114|0x0000000707200000, 0x0000000707200000, 0x0000000707300000|  0%| F|  |TS  5|AC  0|TAMS 0x0000000707200000, 0x0000000707200000|
| 115|0x0000000707300000, 0x0000000707300000, 0x0000000707400000|  0%| F|  |TS  5|AC  0|TAMS 0x0000000707300000, 0x0000000707300000|
| 116|0x0000000707400000, 0x0000000707400000, 0x0000000707500000|  0%| F|  |TS  5|AC  0|TAMS 0x0000000707400000, 0x0000000707400000|
| 117|0x0000000707500000, 0x0000000707500000, 0x0000000707600000|  0%| F|  |TS  5|AC  0|TAMS 0x0000000707500000, 0x0000000707500000|
| 118|0x0000000707600000, 0x0000000707600000, 0x0000000707700000|  0%| F|  |TS  5|AC  0|TAMS 0x0000000707600000, 0x0000000707600000|
| 119|0x0000000707700000, 0x0000000707700000, 0x0000000707800000|  0%| F|  |TS  5|AC  0|TAMS 0x0000000707700000, 0x0000000707700000|
| 120|0x0000000707800000, 0x0000000707800000, 0x0000000707900000|  0%| F|  |TS  5|AC  0|TAMS 0x0000000707800000, 0x0000000707800000|
| 121|0x0000000707900000, 0x0000000707900000, 0x0000000707a00000|  0%| F|  |TS  5|AC  0|TAMS 0x0000000707900000, 0x0000000707900000|
| 122|0x0000000707a00000, 0x0000000707a00000, 0x0000000707b00000|  0%| F|  |TS  5|AC  0|TAMS 0x0000000707a00000, 0x0000000707a00000|
| 123|0x0000000707b00000, 0x0000000707b00000, 0x0000000707c00000|  0%| F|  |TS  5|AC  0|TAMS 0x0000000707b00000, 0x0000000707b00000|
| 124|0x0000000707c00000, 0x0000000707c031d8, 0x0000000707d00000|  1%| E|  |TS  5|AC  0|TAMS 0x0000000707c00000, 0x0000000707c00000|
| 125|0x0000000707d00000, 0x0000000707e00000, 0x0000000707e00000|100%| E|CS|TS  5|AC  0|TAMS 0x0000000707d00000, 0x0000000707d00000|
| 126|0x0000000707e00000, 0x0000000707f00000, 0x0000000707f00000|100%| E|CS|TS  5|AC  0|TAMS 0x0000000707e00000, 0x0000000707e00000|
| 127|0x0000000707f00000, 0x0000000708000000, 0x0000000708000000|100%| E|CS|TS  5|AC  0|TAMS 0x0000000707f00000, 0x0000000707f00000|
| 128|0x0000000708000000, 0x0000000708100000, 0x0000000708100000|100%| E|CS|TS  5|AC  0|TAMS 0x0000000708000000, 0x0000000708000000|
| 129|0x0000000708100000, 0x0000000708200000, 0x0000000708200000|100%| E|CS|TS  5|AC  0|TAMS 0x0000000708100000, 0x0000000708100000|
| 130|0x0000000708200000, 0x0000000708300000, 0x0000000708300000|100%| E|CS|TS  5|AC  0|TAMS 0x0000000708200000, 0x0000000708200000|
| 131|0x0000000708300000, 0x0000000708400000, 0x0000000708400000|100%| E|CS|TS  5|AC  0|TAMS 0x0000000708300000, 0x0000000708300000|
| 132|0x0000000708400000, 0x0000000708500000, 0x0000000708500000|100%| E|CS|TS  5|AC  0|TAMS 0x0000000708400000, 0x0000000708400000|
| 133|0x0000000708500000, 0x0000000708600000, 0x0000000708600000|100%| E|CS|TS  5|AC  0|TAMS 0x0000000708500000, 0x0000000708500000|
| 134|0x0000000708600000, 0x0000000708700000, 0x0000000708700000|100%| E|CS|TS  5|AC  0|TAMS 0x0000000708600000, 0x0000000708600000|
| 135|0x0000000708700000, 0x0000000708800000, 0x0000000708800000|100%| E|CS|TS  5|AC  0|TAMS 0x0000000708700000, 0x0000000708700000|
| 136|0x0000000708800000, 0x0000000708900000, 0x0000000708900000|100%| E|CS|TS  5|AC  0|TAMS 0x0000000708800000, 0x0000000708800000|
| 137|0x0000000708900000, 0x0000000708a00000, 0x0000000708a00000|100%| E|CS|TS  5|AC  0|TAMS 0x0000000708900000, 0x0000000708900000|
| 138|0x0000000708a00000, 0x0000000708b00000, 0x0000000708b00000|100%| E|CS|TS  5|AC  0|TAMS 0x0000000708a00000, 0x0000000708a00000|
| 139|0x0000000708b00000, 0x0000000708c00000, 0x0000000708c00000|100%| E|CS|TS  5|AC  0|TAMS 0x0000000708b00000, 0x0000000708b00000|
| 140|0x0000000708c00000, 0x0000000708d00000, 0x0000000708d00000|100%| E|CS|TS  5|AC  0|TAMS 0x0000000708c00000, 0x0000000708c00000|
| 141|0x0000000708d00000, 0x0000000708e00000, 0x0000000708e00000|100%| E|CS|TS  5|AC  0|TAMS 0x0000000708d00000, 0x0000000708d00000|
| 142|0x0000000708e00000, 0x0000000708f00000, 0x0000000708f00000|100%| E|CS|TS  5|AC  0|TAMS 0x0000000708e00000, 0x0000000708e00000|
| 143|0x0000000708f00000, 0x0000000709000000, 0x0000000709000000|100%| E|CS|TS  5|AC  0|TAMS 0x0000000708f00000, 0x0000000708f00000|
| 144|0x0000000709000000, 0x0000000709100000, 0x0000000709100000|100%| E|CS|TS  5|AC  0|TAMS 0x0000000709000000, 0x0000000709000000|
| 145|0x0000000709100000, 0x0000000709200000, 0x0000000709200000|100%| E|CS|TS  5|AC  0|TAMS 0x0000000709100000, 0x0000000709100000|
| 146|0x0000000709200000, 0x0000000709300000, 0x0000000709300000|100%| E|CS|TS  5|AC  0|TAMS 0x0000000709200000, 0x0000000709200000|
| 147|0x0000000709300000, 0x0000000709400000, 0x0000000709400000|100%| E|CS|TS  5|AC  0|TAMS 0x0000000709300000, 0x0000000709300000|
| 148|0x0000000709400000, 0x0000000709500000, 0x0000000709500000|100%| E|CS|TS  5|AC  0|TAMS 0x0000000709400000, 0x0000000709400000|
| 149|0x0000000709500000, 0x0000000709600000, 0x0000000709600000|100%| E|CS|TS  5|AC  0|TAMS 0x0000000709500000, 0x0000000709500000|
| 150|0x0000000709600000, 0x0000000709700000, 0x0000000709700000|100%| E|CS|TS  5|AC  0|TAMS 0x0000000709600000, 0x0000000709600000|
| 151|0x0000000709700000, 0x0000000709800000, 0x0000000709800000|100%| E|CS|TS  5|AC  0|TAMS 0x0000000709700000, 0x0000000709700000|
| 152|0x0000000709800000, 0x0000000709900000, 0x0000000709900000|100%| E|CS|TS  5|AC  0|TAMS 0x0000000709800000, 0x0000000709800000|
| 153|0x0000000709900000, 0x0000000709a00000, 0x0000000709a00000|100%| E|CS|TS  5|AC  0|TAMS 0x0000000709900000, 0x0000000709900000|
| 154|0x0000000709a00000, 0x0000000709b00000, 0x0000000709b00000|100%| E|CS|TS  5|AC  0|TAMS 0x0000000709a00000, 0x0000000709a00000|
| 155|0x0000000709b00000, 0x0000000709c00000, 0x0000000709c00000|100%| E|CS|TS  5|AC  0|TAMS 0x0000000709b00000, 0x0000000709b00000|
| 156|0x0000000709c00000, 0x0000000709d00000, 0x0000000709d00000|100%| E|CS|TS  5|AC  0|TAMS 0x0000000709c00000, 0x0000000709c00000|
| 157|0x0000000709d00000, 0x0000000709e00000, 0x0000000709e00000|100%| E|CS|TS  5|AC  0|TAMS 0x0000000709d00000, 0x0000000709d00000|
| 158|0x0000000709e00000, 0x0000000709f00000, 0x0000000709f00000|100%| E|CS|TS  5|AC  0|TAMS 0x0000000709e00000, 0x0000000709e00000|
| 159|0x0000000709f00000, 0x000000070a000000, 0x000000070a000000|100%| E|CS|TS  5|AC  0|TAMS 0x0000000709f00000, 0x0000000709f00000|
| 160|0x000000070a000000, 0x000000070a100000, 0x000000070a100000|100%| E|CS|TS  5|AC  0|TAMS 0x000000070a000000, 0x000000070a000000|
| 161|0x000000070a100000, 0x000000070a200000, 0x000000070a200000|100%| E|CS|TS  5|AC  0|TAMS 0x000000070a100000, 0x000000070a100000|
| 162|0x000000070a200000, 0x000000070a300000, 0x000000070a300000|100%| E|CS|TS  5|AC  0|TAMS 0x000000070a200000, 0x000000070a200000|
| 163|0x000000070a300000, 0x000000070a400000, 0x000000070a400000|100%| E|CS|TS  5|AC  0|TAMS 0x000000070a300000, 0x000000070a300000|
| 164|0x000000070a400000, 0x000000070a500000, 0x000000070a500000|100%| E|CS|TS  5|AC  0|TAMS 0x000000070a400000, 0x000000070a400000|
| 165|0x000000070a500000, 0x000000070a600000, 0x000000070a600000|100%| E|CS|TS  5|AC  0|TAMS 0x000000070a500000, 0x000000070a500000|
| 166|0x000000070a600000, 0x000000070a700000, 0x000000070a700000|100%| E|CS|TS  5|AC  0|TAMS 0x000000070a600000, 0x000000070a600000|
| 167|0x000000070a700000, 0x000000070a800000, 0x000000070a800000|100%| E|CS|TS  5|AC  0|TAMS 0x000000070a700000, 0x000000070a700000|
| 168|0x000000070a800000, 0x000000070a900000, 0x000000070a900000|100%| E|CS|TS  5|AC  0|TAMS 0x000000070a800000, 0x000000070a800000|
| 169|0x000000070a900000, 0x000000070aa00000, 0x000000070aa00000|100%| E|CS|TS  5|AC  0|TAMS 0x000000070a900000, 0x000000070a900000|
| 170|0x000000070aa00000, 0x000000070ab00000, 0x000000070ab00000|100%| E|CS|TS  5|AC  0|TAMS 0x000000070aa00000, 0x000000070aa00000|

Card table byte_map: [0x0000019a13c40000,0x0000019a14240000] byte_map_base: 0x0000019a10440000

Marking Bits (Prev, Next): (CMBitMap*) 0x0000019a1007e5f8, (CMBitMap*) 0x0000019a1007e5c0
 Prev Bits: [0x0000019a2e950000, 0x0000019a31950000)
 Next Bits: [0x0000019a2b950000, 0x0000019a2e950000)

Polling page: 0x0000019a09f30000

CodeHeap 'non-profiled nmethods': size=120064Kb used=14362Kb max_used=14362Kb free=105701Kb
 bounds [0x0000019a24410000, 0x0000019a25220000, 0x0000019a2b950000]
CodeHeap 'profiled nmethods': size=120000Kb used=38467Kb max_used=38769Kb free=81533Kb
 bounds [0x0000019a1cee0000, 0x0000019a1f580000, 0x0000019a24410000]
CodeHeap 'non-nmethods': size=5696Kb used=1751Kb max_used=1814Kb free=3945Kb
 bounds [0x0000019a1c950000, 0x0000019a1cbc0000, 0x0000019a1cee0000]
 total_blobs=23155 nmethods=13982 adapters=1071
 compilation: enabled

Compilation events (10 events):
Event: 178.771 Thread 0x0000019a10d87000 nmethod 16393 0x0000019a2520cd90 code [0x0000019a2520d140, 0x0000019a25210a60]
Event: 178.771 Thread 0x0000019a10d87000 16424       4       com.jidesoft.action.a::getPreferredSize (30 bytes)
Event: 178.773 Thread 0x0000019a10d87000 nmethod 16424 0x0000019a25214310 code [0x0000019a252144c0, 0x0000019a252145f8]
Event: 178.775 Thread 0x0000019a10d87000 16425       4       sun.swing.plaf.synth.DefaultSynthStyle::getColor (18 bytes)
Event: 178.776 Thread 0x0000019a10d87000 nmethod 16425 0x0000019a25214710 code [0x0000019a252148a0, 0x0000019a25214948]
Event: 178.780 Thread 0x0000019a0f939800 16426       3       com.jidesoft.swing.JideSwingUtilities::fillGradient (38 bytes)
Event: 178.780 Thread 0x0000019a0f939800 nmethod 16426 0x0000019a1e2c9a10 code [0x0000019a1e2c9c40, 0x0000019a1e2ca400]
Event: 178.781 Thread 0x0000019a11002000 nmethod 16423 0x0000019a25214a90 code [0x0000019a25214ca0, 0x0000019a25215448]
Event: 178.792 Thread 0x0000019a0f939800 16427       3       javax.swing.table.AbstractTableModel::addTableModelListener (11 bytes)
Event: 178.792 Thread 0x0000019a0f939800 nmethod 16427 0x0000019a1e2aab10 code [0x0000019a1e2aacc0, 0x0000019a1e2aae70]

GC Heap History (10 events):
Event: 159.365 GC heap before
{Heap before GC invocations=57 (full 2):
 garbage-first heap   total 175104K, used 123113K [0x0000000700000000, 0x0000000700100558, 0x00000007c0000000)
  region size 1024K, 60 young (61440K), 2 survivors (2048K)
 Metaspace       used 76067K, capacity 81050K, committed 81288K, reserved 1120256K
  class space    used 10456K, capacity 11337K, committed 11440K, reserved 1048576K
}
Event: 159.372 GC heap after
{Heap after GC invocations=58 (full 2):
 garbage-first heap   total 175104K, used 64515K [0x0000000700000000, 0x0000000700100558, 0x00000007c0000000)
  region size 1024K, 3 young (3072K), 3 survivors (3072K)
 Metaspace       used 76067K, capacity 81050K, committed 81288K, reserved 1120256K
  class space    used 10456K, capacity 11337K, committed 11440K, reserved 1048576K
}
Event: 163.210 GC heap before
{Heap before GC invocations=58 (full 2):
 garbage-first heap   total 175104K, used 74755K [0x0000000700000000, 0x0000000700100558, 0x00000007c0000000)
  region size 1024K, 14 young (14336K), 3 survivors (3072K)
 Metaspace       used 76103K, capacity 81114K, committed 81288K, reserved 1120256K
  class space    used 10458K, capacity 11337K, committed 11440K, reserved 1048576K
}
Event: 163.386 GC heap after
{Heap after GC invocations=59 (full 3):
 garbage-first heap   total 175104K, used 60629K [0x0000000700000000, 0x0000000700100558, 0x00000007c0000000)
  region size 1024K, 0 young (0K), 0 survivors (0K)
 Metaspace       used 76103K, capacity 81114K, committed 81288K, reserved 1120256K
  class space    used 10458K, capacity 11337K, committed 11440K, reserved 1048576K
}
Event: 167.403 GC heap before
{Heap before GC invocations=59 (full 3):
 garbage-first heap   total 175104K, used 122069K [0x0000000700000000, 0x0000000700100558, 0x00000007c0000000)
  region size 1024K, 60 young (61440K), 0 survivors (0K)
 Metaspace       used 76447K, capacity 81446K, committed 81544K, reserved 1120256K
  class space    used 10513K, capacity 11403K, committed 11440K, reserved 1048576K
}
Event: 167.409 GC heap after
{Heap after GC invocations=60 (full 3):
 garbage-first heap   total 175104K, used 63160K [0x0000000700000000, 0x0000000700100558, 0x00000007c0000000)
  region size 1024K, 3 young (3072K), 3 survivors (3072K)
 Metaspace       used 76447K, capacity 81446K, committed 81544K, reserved 1120256K
  class space    used 10513K, capacity 11403K, committed 11440K, reserved 1048576K
}
Event: 174.008 GC heap before
{Heap before GC invocations=60 (full 3):
 garbage-first heap   total 175104K, used 121528K [0x0000000700000000, 0x0000000700100558, 0x00000007c0000000)
  region size 1024K, 60 young (61440K), 3 survivors (3072K)
 Metaspace       used 76528K, capacity 81610K, committed 81800K, reserved 1120256K
  class space    used 10525K, capacity 11425K, committed 11440K, reserved 1048576K
}
Event: 174.013 GC heap after
{Heap after GC invocations=61 (full 3):
 garbage-first heap   total 175104K, used 63005K [0x0000000700000000, 0x0000000700100558, 0x00000007c0000000)
  region size 1024K, 3 young (3072K), 3 survivors (3072K)
 Metaspace       used 76528K, capacity 81610K, committed 81800K, reserved 1120256K
  class space    used 10525K, capacity 11425K, committed 11440K, reserved 1048576K
}
Event: 177.158 GC heap before
{Heap before GC invocations=61 (full 3):
 garbage-first heap   total 175104K, used 121373K [0x0000000700000000, 0x0000000700100558, 0x00000007c0000000)
  region size 1024K, 60 young (61440K), 3 survivors (3072K)
 Metaspace       used 76531K, capacity 81610K, committed 81800K, reserved 1120256K
  class space    used 10525K, capacity 11425K, committed 11440K, reserved 1048576K
}
Event: 177.166 GC heap after
{Heap after GC invocations=62 (full 3):
 garbage-first heap   total 175104K, used 62783K [0x0000000700000000, 0x0000000700100558, 0x00000007c0000000)
  region size 1024K, 3 young (3072K), 3 survivors (3072K)
 Metaspace       used 76531K, capacity 81610K, committed 81800K, reserved 1120256K
  class space    used 10525K, capacity 11425K, committed 11440K, reserved 1048576K
}

Deoptimization events (10 events):
Event: 165.256 Thread 0x0000019a349a5000 Uncommon trap: reason=unstable_if action=reinterpret pc=0x0000019a24748488 method=java.awt.Component.disable()V @ 27 c2
Event: 165.265 Thread 0x0000019a349a5000 Uncommon trap: reason=class_check action=maybe_recompile pc=0x0000019a24a7fd2c method=java.awt.KeyboardFocusManager.clearMostRecentFocusOwner(Ljava/awt/Component;)V @ 67 c2
Event: 165.265 Thread 0x0000019a349a5000 Uncommon trap: reason=unstable_if action=reinterpret pc=0x0000019a246e96e4 method=java.awt.DefaultKeyboardFocusManager.discardKeyEvents(Ljava/awt/Component;)V @ 50 c2
Event: 165.265 Thread 0x0000019a349a5000 Uncommon trap: reason=unstable_if action=reinterpret pc=0x0000019a24cba90c method=java.awt.DefaultKeyboardFocusManager.purgeStampedEvents(JJ)V @ 3 c2
Event: 165.301 Thread 0x0000019a349a5000 Uncommon trap: reason=class_check action=maybe_recompile pc=0x0000019a24f1603c method=java.awt.DefaultKeyboardFocusManager.dispatchEvent(Ljava/awt/AWTEvent;)Z @ 507 c2
Event: 168.177 Thread 0x0000019a349a5000 Uncommon trap: reason=unstable_if action=reinterpret pc=0x0000019a24b651ac method=ui.views.x.b.e.getChildren()Ljava/util/List; @ 4 c2
Event: 168.178 Thread 0x0000019a349a5000 Uncommon trap: reason=null_check action=make_not_entrant pc=0x0000019a24b3da1c method=javax.swing.text.GapContent$MarkData.getPosition()Ljavax/swing/text/GapContent$StickyPosition; @ 4 c2
Event: 178.571 Thread 0x0000019a349a5000 Uncommon trap: reason=unstable_if action=reinterpret pc=0x0000019a251d9280 method=javax.swing.tree.VariableHeightLayoutCache$TreeStateNode.getPreferredWidth()I @ 4 c2
Event: 178.572 Thread 0x0000019a349a5000 Uncommon trap: reason=unstable_if action=reinterpret pc=0x0000019a24b84d48 method=javax.swing.JComponent.computeVisibleRect(Ljava/awt/Component;Ljava/awt/Rectangle;)V @ 11 c2
Event: 178.599 Thread 0x0000019a349a5000 Uncommon trap: reason=unstable_if action=reinterpret pc=0x0000019a24c598bc method=com.jidesoft.grid.TableModelWrapperImpl.getColumnCount()I @ 10 c2

Classes redefined (0 events):
No events

Internal exceptions (10 events):
Event: 145.467 Thread 0x0000019a349a5000 Implicit null exception at 0x0000019a24de8578 to 0x0000019a24de8909
Event: 154.924 Thread 0x0000019a349a5000 Implicit null exception at 0x0000019a24bc39e3 to 0x0000019a24bc4c39
Event: 154.924 Thread 0x0000019a349a5000 Implicit null exception at 0x0000019a24d6c727 to 0x0000019a24d6d7cd
Event: 155.104 Thread 0x0000019a36817000 Exception <a 'java/lang/InterruptedException'{0x0000000709181e08}: sleep interrupted> (0x0000000709181e08) thrown at [t:/workspace/hotspot/src/share/vm/prims/jvm.cpp, line 2984]
Event: 155.118 Thread 0x0000019a36817000 Exception <a 'java/lang/InterruptedException'{0x000000070918dcd8}: sleep interrupted> (0x000000070918dcd8) thrown at [t:/workspace/hotspot/src/share/vm/prims/jvm.cpp, line 2984]
Event: 156.438 Thread 0x0000019a349a5000 Exception <a 'java/lang/NoSuchMethodError'{0x00000007079ddcf0}: java.lang.invoke.DirectMethodHandle$Holder.invokeSpecial(Ljava/lang/Object;Ljava/lang/Object;I)V> (0x00000007079ddcf0) thrown at [t:/workspace/hotspot/src/share/vm/interpreter/linkResolver.cp
Event: 156.920 Thread 0x0000019a349a5000 Exception <a 'java/lang/NoSuchMethodError'{0x000000070a817e88}: java.lang.invoke.DirectMethodHandle$Holder.invokeStatic(Ljava/lang/Object;Ljava/lang/Object;Ljava/lang/Object;)V> (0x000000070a817e88) thrown at [t:/workspace/hotspot/src/share/vm/interpreter
Event: 167.769 Thread 0x0000019a349a5000 Exception <a 'java/lang/NoSuchMethodError'{0x000000070a362c38}: java.lang.invoke.DelegatingMethodHandle$Holder.reinvoke_L(Ljava/lang/Object;Ljava/lang/Object;J)Ljava/lang/Object;> (0x000000070a362c38) thrown at [t:/workspace/hotspot/src/share/vm/interpret
Event: 168.178 Thread 0x0000019a349a5000 Implicit null exception at 0x0000019a24b3bd61 to 0x0000019a24b3da05
Event: 178.572 Thread 0x0000019a349a5000 Implicit null exception at 0x0000019a24b84a85 to 0x0000019a24b84d21

Events (10 events):
Event: 178.590 loading class ui/project/i done
Event: 178.591 loading class ui/views/x/b/aB
Event: 178.591 loading class ui/views/x/b/aB done
Event: 178.591 loading class ui/views/n/j
Event: 178.591 loading class ui/views/n/j done
Event: 178.599 Thread 0x0000019a349a5000 Uncommon trap: trap_request=0xffffff5d fr.pc=0x0000019a24c598bc relative=0x000000000000009c
Event: 178.599 Thread 0x0000019a349a5000 DEOPT PACKING pc=0x0000019a24c598bc sp=0x0000008df76f6700
Event: 178.599 Thread 0x0000019a349a5000 DEOPT UNPACKING pc=0x0000019a1c99df29 sp=0x0000008df76f6698 mode 2
Event: 178.746 Executing VM operation: BulkRevokeBias
Event: 178.757 Executing VM operation: BulkRevokeBias done


Dynamic libraries:
0x00007ff6230d0000 - 0x00007ff623100000 	E:\Xilinx\Vivado\2018.3\bin\unwrapped\win64.o\vivado.exe
0x00007ff954f90000 - 0x00007ff955171000 	C:\WINDOWS\SYSTEM32\ntdll.dll
0x00007ff952f60000 - 0x00007ff953012000 	C:\WINDOWS\System32\KERNEL32.DLL
0x00007ff9517d0000 - 0x00007ff951a43000 	C:\WINDOWS\System32\KERNELBASE.dll
0x00007ff951a50000 - 0x00007ff951b48000 	C:\WINDOWS\System32\ucrtbase.dll
0x00007ff93cab0000 - 0x00007ff93cb5a000 	C:\WINDOWS\SYSTEM32\MSVCP140.dll
0x00007ff94c500000 - 0x00007ff94c516000 	C:\WINDOWS\SYSTEM32\VCRUNTIME140.dll
0x00007ff94a310000 - 0x00007ff94a324000 	E:\Xilinx\Vivado\2018.3\lib\win64.o\librdi_commonmain.dll
0x00007ff94ba10000 - 0x00007ff94ba24000 	E:\Xilinx\Vivado\2018.3\lib\win64.o\libboost_signals.dll
0x00007ff90d1a0000 - 0x00007ff90e034000 	E:\Xilinx\Vivado\2018.3\lib\win64.o\librdi_common.dll
0x00007ff952a10000 - 0x00007ff952ba0000 	C:\WINDOWS\System32\USER32.dll
0x00007ff951b50000 - 0x00007ff951b70000 	C:\WINDOWS\System32\win32u.dll
0x00007ff954f30000 - 0x00007ff954f58000 	C:\WINDOWS\System32\GDI32.dll
0x00007ff951360000 - 0x00007ff9514f2000 	C:\WINDOWS\System32\gdi32full.dll
0x00007ff951bc0000 - 0x00007ff951c5f000 	C:\WINDOWS\System32\msvcp_win.dll
0x00007ff952d60000 - 0x00007ff952e01000 	C:\WINDOWS\System32\ADVAPI32.dll
0x00007ff953020000 - 0x00007ff9530be000 	C:\WINDOWS\System32\msvcrt.dll
0x00007ff952750000 - 0x00007ff9527ab000 	C:\WINDOWS\System32\sechost.dll
0x00007ff9528e0000 - 0x00007ff952a04000 	C:\WINDOWS\System32\RPCRT4.dll
0x00007ff9531b0000 - 0x00007ff9545f0000 	C:\WINDOWS\System32\SHELL32.dll
0x00007ff951b70000 - 0x00007ff951bb9000 	C:\WINDOWS\System32\cfgmgr32.dll
0x00007ff952e10000 - 0x00007ff952eb9000 	C:\WINDOWS\System32\shcore.dll
0x00007ff952420000 - 0x00007ff952742000 	C:\WINDOWS\System32\combase.dll
0x00007ff93d040000 - 0x00007ff93d066000 	E:\Xilinx\Vivado\2018.3\lib\win64.o\libboost_filesystem.dll
0x00007ff951750000 - 0x00007ff9517ca000 	C:\WINDOWS\System32\bcryptPrimitives.dll
0x00007ff951d10000 - 0x00007ff95241d000 	C:\WINDOWS\System32\windows.storage.dll
0x00007ff952880000 - 0x00007ff9528d1000 	C:\WINDOWS\System32\shlwapi.dll
0x00007ff9512b0000 - 0x00007ff9512c1000 	C:\WINDOWS\System32\kernel.appcore.dll
0x00007ff9512f0000 - 0x00007ff95130f000 	C:\WINDOWS\System32\profapi.dll
0x00007ff951310000 - 0x00007ff95135c000 	C:\WINDOWS\System32\powrprof.dll
0x00007ff9512a0000 - 0x00007ff9512aa000 	C:\WINDOWS\System32\FLTLIB.DLL
0x00007ff94d240000 - 0x00007ff94d24a000 	E:\Xilinx\Vivado\2018.3\lib\win64.o\librdi_commonversion.dll
0x00007ff93bad0000 - 0x00007ff93bbf1000 	E:\Xilinx\Vivado\2018.3\lib\win64.o\librdi_commonxillic.dll
0x000000006ec70000 - 0x000000006ed9b000 	E:\Xilinx\Vivado\2018.3\lib\win64.o\tcl85t.dll
0x00007ff952ec0000 - 0x00007ff952f2c000 	C:\WINDOWS\System32\WS2_32.dll
0x00007ff919420000 - 0x00007ff91978e000 	E:\Xilinx\Vivado\2018.3\lib\win64.o\libCOIN-all.dll
0x00007ff91f070000 - 0x00007ff91f325000 	E:\Xilinx\Vivado\2018.3\lib\win64.o\libXil_lmgr11.dll
0x00007ff9530c0000 - 0x00007ff9531ad000 	C:\WINDOWS\System32\COMDLG32.dll
0x00007ff9527b0000 - 0x00007ff952873000 	C:\WINDOWS\System32\OLEAUT32.dll
0x00007ff952ba0000 - 0x00007ff952cf1000 	C:\WINDOWS\System32\ole32.dll
0x00007ff94a2f0000 - 0x00007ff94a304000 	E:\Xilinx\Vivado\2018.3\lib\win64.o\libboost_date_time.dll
0x00007ff9516f0000 - 0x00007ff951747000 	C:\WINDOWS\System32\WINTRUST.dll
0x00007ff9512d0000 - 0x00007ff9512e2000 	C:\WINDOWS\System32\MSASN1.dll
0x00007ff951500000 - 0x00007ff9516e2000 	C:\WINDOWS\System32\CRYPT32.dll
0x00007ff93ba50000 - 0x00007ff93bacf000 	E:\Xilinx\Vivado\2018.3\lib\win64.o\libboost_program_options.dll
0x00007ff94d1c0000 - 0x00007ff94d1cb000 	E:\Xilinx\Vivado\2018.3\lib\win64.o\libboost_system.dll
0x00007ff93cf30000 - 0x00007ff93cf51000 	E:\Xilinx\Vivado\2018.3\lib\win64.o\libboost_thread.dll
0x00007ff94d150000 - 0x00007ff94d15f000 	E:\Xilinx\Vivado\2018.3\lib\win64.o\libboost_xilinx.dll
0x00007ff91f890000 - 0x00007ff91f9a4000 	E:\Xilinx\Vivado\2018.3\lib\win64.o\libboost_regex.dll
0x00007ff927e50000 - 0x00007ff927ed2000 	E:\Xilinx\Vivado\2018.3\lib\win64.o\libhdlpsolve.dll
0x00007ff922910000 - 0x00007ff9229b5000 	E:\Xilinx\Vivado\2018.3\lib\win64.o\libhdxml.dll
0x00007ff93ad60000 - 0x00007ff93ad8e000 	E:\Xilinx\Vivado\2018.3\lib\win64.o\libisl_sysinfo.dll
0x00007ff90ac80000 - 0x00007ff90b4ce600 	E:\Xilinx\Vivado\2018.3\lib\win64.o\libisl_iostreams.dll
0x00007ff928620000 - 0x00007ff928685000 	E:\Xilinx\Vivado\2018.3\lib\win64.o\liblmx6.0.dll
0x00007ff945a20000 - 0x00007ff945a3a000 	E:\Xilinx\Vivado\2018.3\lib\win64.o\pthreadVC2.dll
0x00007ff93ca90000 - 0x00007ff93caac000 	E:\Xilinx\Vivado\2018.3\lib\win64.o\librdiconfig.dll
0x00007ff93a700000 - 0x00007ff93a721000 	E:\Xilinx\Vivado\2018.3\lib\win64.o\librdizlib.dll
0x0000000012000000 - 0x0000000012272000 	E:\Xilinx\Vivado\2018.3\lib\win64.o\xerces-c_3_1.dll
0x00007ff948b70000 - 0x00007ff948b87000 	C:\WINDOWS\SYSTEM32\NETAPI32.dll
0x00007ff94d800000 - 0x00007ff94d8dd000 	C:\WINDOWS\SYSTEM32\WINHTTP.dll
0x00007ff93bd00000 - 0x00007ff93c1bd000 	C:\WINDOWS\SYSTEM32\WININET.dll
0x00007ff947d10000 - 0x00007ff947ed8000 	C:\WINDOWS\SYSTEM32\urlmon.dll
0x00007ff948ab0000 - 0x00007ff948ab9000 	C:\WINDOWS\SYSTEM32\WSOCK32.dll
0x00007ff909de0000 - 0x00007ff90ac71000 	E:\Xilinx\Vivado\2018.3\lib\win64.o\gurobi65.dll
0x00007ff937c00000 - 0x00007ff937c28000 	C:\WINDOWS\SYSTEM32\VCOMP140.DLL
0x00007ff9493b0000 - 0x00007ff949457000 	C:\WINDOWS\WinSxS\amd64_microsoft.windows.common-controls_6595b64144ccf1df_5.82.17134.648_none_f95200fb3096129f\COMCTL32.dll
0x00007ff94c290000 - 0x00007ff94c2aa000 	C:\WINDOWS\SYSTEM32\dhcpcsvc.DLL
0x00007ff954e80000 - 0x00007ff954e88000 	C:\WINDOWS\System32\NSI.dll
0x00007ff94d040000 - 0x00007ff94d04d000 	E:\Xilinx\Vivado\2018.3\lib\win64.o\libboost_chrono.dll
0x00007ff9494f0000 - 0x00007ff949795000 	C:\WINDOWS\SYSTEM32\iertutil.dll
0x00007ff93c210000 - 0x00007ff93c22b000 	E:\Xilinx\Vivado\2018.3\lib\win64.o\libboost_iostreams.dll
0x00007ff933960000 - 0x00007ff933985000 	E:\Xilinx\Vivado\2018.3\lib\win64.o\libisl_iosutils.dll
0x00007ff950920000 - 0x00007ff95092e000 	C:\WINDOWS\SYSTEM32\NETUTILS.DLL
0x00007ff950c70000 - 0x00007ff950c7b000 	C:\WINDOWS\SYSTEM32\CRYPTBASE.DLL
0x00007ff954e50000 - 0x00007ff954e7d000 	C:\WINDOWS\System32\IMM32.DLL
0x00007ff918840000 - 0x00007ff918d35000 	E:\Xilinx\Vivado\2018.3\lib\win64.o\librdi_commontasks.dll
0x00007ff94d3f0000 - 0x00007ff94d3fa000 	C:\WINDOWS\SYSTEM32\VERSION.dll
0x00007ff91e9b0000 - 0x00007ff91ec2f000 	E:\Xilinx\Vivado\2018.3\lib\win64.o\librdi_sio.dll
0x000000006e240000 - 0x000000006ec65000 	E:\Xilinx\Vivado\2018.3\tps\win64\jre9.0.4\bin\server\jvm.dll
0x00007ff952f30000 - 0x00007ff952f38000 	C:\WINDOWS\System32\PSAPI.DLL
0x00007ff950820000 - 0x00007ff950858000 	C:\WINDOWS\SYSTEM32\IPHLPAPI.DLL
0x00007ff949160000 - 0x00007ff949183000 	C:\WINDOWS\SYSTEM32\WINMM.dll
0x00007ff950aa0000 - 0x00007ff950b06000 	C:\WINDOWS\SYSTEM32\MSWSOCK.DLL
0x00007ff949130000 - 0x00007ff94915a000 	C:\WINDOWS\SYSTEM32\WINMMBASE.dll
0x00007ff91f7a0000 - 0x00007ff91f88f000 	C:\WINDOWS\SYSTEM32\MSVCR120.dll
0x00007ff907a10000 - 0x00007ff909dd2000 	E:\Xilinx\Vivado\2018.3\lib\win64.o\librdi_tcltasks.dll
0x00007ff907630000 - 0x00007ff907a0c000 	E:\Xilinx\Vivado\2018.3\lib\win64.o\librdi_bitstream.dll
0x00007ff91ed20000 - 0x00007ff91ee9e000 	E:\Xilinx\Vivado\2018.3\lib\win64.o\librdi_board.dll
0x00007ff924e70000 - 0x00007ff924eda000 	E:\Xilinx\Vivado\2018.3\lib\win64.o\librdi_boarddep.dll
0x00007ff91d400000 - 0x00007ff91d4dc000 	E:\Xilinx\Vivado\2018.3\lib\win64.o\librdi_chipscope.dll
0x00007ff91d0b0000 - 0x00007ff91d269000 	E:\Xilinx\Vivado\2018.3\lib\win64.o\librdi_chipscopeimpl.dll
0x00007ff9192d0000 - 0x00007ff919418000 	E:\Xilinx\Vivado\2018.3\lib\win64.o\librdi_containers.dll
0x00007ff903820000 - 0x00007ff903efa000 	E:\Xilinx\Vivado\2018.3\lib\win64.o\librdi_coregenipxact.dll
0x00007ff8ffa20000 - 0x00007ff90381b000 	E:\Xilinx\Vivado\2018.3\lib\win64.o\librdi_designutils.dll
0x00007ff903f00000 - 0x00007ff905d1f000 	E:\Xilinx\Vivado\2018.3\lib\win64.o\librdi_coregen.dll
0x00007ff905d20000 - 0x00007ff907625000 	E:\Xilinx\Vivado\2018.3\lib\win64.o\librdi_constraints.dll
0x00007ff91e8e0000 - 0x00007ff91e9a2000 	E:\Xilinx\Vivado\2018.3\lib\win64.o\librdi_dsp.dll
0x00007ff8ee9a0000 - 0x00007ff8eecbb000 	E:\Xilinx\Vivado\2018.3\lib\win64.o\librdi_dlyest.dll
0x00007ff8ee440000 - 0x00007ff8ee9a0000 	E:\Xilinx\Vivado\2018.3\lib\win64.o\librdi_drc.dll
0x00007ff8ee160000 - 0x00007ff8ee43a000 	E:\Xilinx\Vivado\2018.3\lib\win64.o\librdi_guitools.dll
0x00007ff8eecc0000 - 0x00007ff8ffa12000 	E:\Xilinx\Vivado\2018.3\lib\win64.o\librdi_device.dll
0x00007ff933830000 - 0x00007ff93388d000 	E:\Xilinx\Vivado\2018.3\lib\win64.o\librdi_hdf.dll
0x00007ff8ec780000 - 0x00007ff8edb11000 	E:\Xilinx\Vivado\2018.3\lib\win64.o\librdi_implflow.dll
0x00007ff8edb20000 - 0x00007ff8ee15f000 	E:\Xilinx\Vivado\2018.3\lib\win64.o\librdi_filemgmt.dll
0x00007ff8ec160000 - 0x00007ff8ec775000 	E:\Xilinx\Vivado\2018.3\lib\win64.o\librdi_memdata.dll
0x00007ff923190000 - 0x00007ff923201000 	E:\Xilinx\Vivado\2018.3\lib\win64.o\librdi_memoryarray.dll
0x00007ff8e8170000 - 0x00007ff8e87ab000 	E:\Xilinx\Vivado\2018.3\lib\win64.o\librdi_netlist.dll
0x00007ff922eb0000 - 0x00007ff922f00000 	E:\Xilinx\Vivado\2018.3\lib\win64.o\librdi_pfi.dll
0x00007ff8e5940000 - 0x00007ff8e5c47000 	E:\Xilinx\Vivado\2018.3\lib\win64.o\librdi_platform.dll
0x00007ff8e5240000 - 0x00007ff8e5935000 	E:\Xilinx\Vivado\2018.3\lib\win64.o\librdi_power.dll
0x00007ff8e4ce0000 - 0x00007ff8e5236000 	E:\Xilinx\Vivado\2018.3\lib\win64.o\librdi_project.dll
0x00007ff8e5c50000 - 0x00007ff8e8164000 	E:\Xilinx\Vivado\2018.3\lib\win64.o\librdi_place.dll
0x00007ff8e45e0000 - 0x00007ff8e4cd3000 	E:\Xilinx\Vivado\2018.3\lib\win64.o\librdi_psta.dll
0x00007ff8e3f00000 - 0x00007ff8e45d9000 	E:\Xilinx\Vivado\2018.3\lib\win64.o\librdi_rsb.dll
0x00007ff8e3b20000 - 0x00007ff8e3ef7000 	E:\Xilinx\Vivado\2018.3\lib\win64.o\librdi_runs.dll
0x00007ff8e87b0000 - 0x00007ff8ec15c000 	E:\Xilinx\Vivado\2018.3\lib\win64.o\librdi_mig.dll
0x00007ff9191f0000 - 0x00007ff9192c8000 	E:\Xilinx\Vivado\2018.3\lib\win64.o\librdi_runsbase.dll
0x00007ff8e38f0000 - 0x00007ff8e3b18000 	E:\Xilinx\Vivado\2018.3\lib\win64.o\librdi_simdata.dll
0x00007ff8e2b60000 - 0x00007ff8e38ed000 	E:\Xilinx\Vivado\2018.3\lib\win64.o\librdi_timing.dll
0x00007ff919090000 - 0x00007ff9191e4000 	E:\Xilinx\Vivado\2018.3\lib\win64.o\librdi_advchipscopeimpl.dll
0x00007ff9228c0000 - 0x00007ff92290c000 	E:\Xilinx\Vivado\2018.3\lib\win64.o\libboost_serialization.dll
0x00007ff91bf60000 - 0x00007ff91c018000 	E:\Xilinx\Vivado\2018.3\lib\win64.o\librdi_hip_devdesign.dll
0x00007ff8e27a0000 - 0x00007ff8e2b55000 	E:\Xilinx\Vivado\2018.3\lib\win64.o\librdi_hip_config.dll
0x00007ff92f640000 - 0x00007ff92f678000 	E:\Xilinx\Vivado\2018.3\lib\win64.o\librdi_noc_frameworks.dll
0x00007ff8e2250000 - 0x00007ff8e279e000 	E:\Xilinx\Vivado\2018.3\lib\win64.o\librdi_xdm.dll
0x00007ff8e1700000 - 0x00007ff8e2247000 	E:\Xilinx\Vivado\2018.3\lib\win64.o\libverific.dll
0x00007ff91c4b0000 - 0x00007ff91c55b000 	E:\Xilinx\Vivado\2018.3\lib\win64.o\librdi_ipconfig_readwrite.dll
0x00007ff8e1110000 - 0x00007ff8e16f4000 	E:\Xilinx\Vivado\2018.3\lib\win64.o\librdi_wavedata.dll

VM Arguments:
jvm_args: -Dsun.java2d.pmoffscreen=false -Dsun.java2d.xrender=false -Dsun.java2d.d3d=false -Dsun.awt.nopixfmt=true -Dsun.java2d.dpiaware=true -Dsun.java2d.uiScale.enabled=false -Xverify:none -Dswing.aatext=true -XX:-UsePerfData -Djdk.map.althashing.threshold=512 -XX:StringTableSize=4072 --add-opens=java.base/java.nio=ALL-UNNAMED --add-opens=java.desktop/sun.swing=ALL-UNNAMED --add-opens=java.desktop/javax.swing=ALL-UNNAMED --add-opens=java.desktop/javax.swing.tree=ALL-UNNAMED --add-opens=java.desktop/javax.swing.plaf.basic=ALL-UNNAMED --add-opens=java.desktop/javax.swing.plaf.synth=ALL-UNNAMED --add-opens=java.desktop/com.sun.awt=ALL-UNNAMED -XX:NewSize=60m -XX:MaxNewSize=60m -Xms128m -Xmx3072m -Xss5m 
java_command: <unknown>
java_class_path (initial): E:/Xilinx/Vivado/2018.3\lib\classes\alloy.jar;E:/Xilinx/Vivado/2018.3\lib\classes\autopilot.scelaborator.jar;E:/Xilinx/Vivado/2018.3\lib\classes\autopilot.sourceprocessor.jar;E:/Xilinx/Vivado/2018.3\lib\classes\autopilot.tbprocessor.jar;E:/Xilinx/Vivado/2018.3\lib\classes\batik-anim.jar;E:/Xilinx/Vivado/2018.3\lib\classes\batik-awt-util.jar;E:/Xilinx/Vivado/2018.3\lib\classes\batik-bridge.jar;E:/Xilinx/Vivado/2018.3\lib\classes\batik-codec.jar;E:/Xilinx/Vivado/2018.3\lib\classes\batik-css.jar;E:/Xilinx/Vivado/2018.3\lib\classes\batik-dom.jar;E:/Xilinx/Vivado/2018.3\lib\classes\batik-ext.jar;E:/Xilinx/Vivado/2018.3\lib\classes\batik-gui-util.jar;E:/Xilinx/Vivado/2018.3\lib\classes\batik-gvt.jar;E:/Xilinx/Vivado/2018.3\lib\classes\batik-parser.jar;E:/Xilinx/Vivado/2018.3\lib\classes\batik-script.jar;E:/Xilinx/Vivado/2018.3\lib\classes\batik-svg-dom.jar;E:/Xilinx/Vivado/2018.3\lib\classes\batik-swing.jar;E:/Xilinx/Vivado/2018.3\lib\classes\batik-transcoder.jar;E:/Xilinx/Vivado/2018.3\lib\classes\batik-util.jar;E:/Xilinx/Vivado/2018.3\lib\classes\batik-xml.jar;E:/Xilinx/Vivado/2018.3\lib\classes\com.ibm.icu_4.4.2.v20110208.jar;E:/Xilinx/Vivado/2018.3\lib\classes\commons-collections4-4.1.jar;E:/Xilinx/Vivado/2018.3\lib\classes\commons-math-2.2.jar;E:/Xilinx/Vivado/2018.3\lib\classes\dom4j-1.6.1.jar;E:/Xilinx/Vivado/2018.3\lib\classes\guava-18.0.jar;E:/Xilinx/Vivado/2018.3\lib\classes\help.jar;E:/Xilinx/Vivado/2018.3\lib\classes\hsqldb.jar;E:/Xilinx/Vivado/2018.3\lib\classes\jargs.jar;E:/Xilinx/Vivado/2018.3\lib\classes\jaxb-api-2.3.0.jar;E:/Xilinx/Vivado/2018.3\lib\classes\jh.jar;E:/Xilinx/Vivado/2018.3\lib\classes\jide-action.jar;E:/Xilinx/Vivado/2018.3\lib\classes\jide-charts.jar;E:/Xilinx/Vivado/2018.3\lib\classes\jide-common.jar;E:/Xilinx/Vivado/2018.3\lib\classes\jide-components.jar;E:/Xilinx/Vivado/2018.3\lib\classes\jide-dashboard.jar;E:/Xilinx/Vivado/2018.3\lib\classes\jide-data.jar;E:/Xilinx/Vivado/2018.3\lib\classes\jide-dialogs.jar
Launcher Type: generic

Logging:
Log output configuration:
#0: stdout all=warning uptime,level,tags
#1: stderr all=off uptime,level,tags

Environment Variables:
PATH=E:/Xilinx/Vivado/2018.3/bin;E:/Xilinx/Vivado/2018.3/lib/win64.o;E:/Xilinx/Vivado/2018.3/tps/win64/jre9.0.4/bin/server;E:/Xilinx/Vivado/2018.3/tps/win64/jre9.0.4/bin;E:/Xilinx/SDK/2018.3/bin;E:/Xilinx/Vivado/2018.3/ids_lite/ISE/bin/nt64;E:/Xilinx/Vivado/2018.3/ids_lite/ISE/lib/nt64;C:\Program Files (x86)\Common Files\Oracle\Java\javapath;C:\WINDOWS\system32;C:\WINDOWS;C:\WINDOWS\System32\Wbem;C:\WINDOWS\System32\WindowsPowerShell\v1.0\;C:\WINDOWS\System32\OpenSSH\;D:\Program Files\Git\cmd;C:\Program Files\TortoiseGit\bin;C:\Program Files (x86)\IVI Foundation\VISA\WinNT\Bin\;C:\Program Files (x86)\IVI Foundation\VISA\WinNT\TekVISA\BIN;D:\Python27;D:\Python27\Scripts;C:\msys32\usr\bin\;C:\msys32\opt\xtensa-esp32-elf\bin\;C:\msys32\mingw32\bin\;D:\Cadence\SPB_16.6\openaccess\bin\win32\opt;D:\Cadence\SPB_16.6\tools\capture;D:\Cadence\SPB_16.6\tools\pspice;D:\Cadence\SPB_16.6\tools\specctra\bin;D:\Cadence\SPB_16.6\tools\fet\bin;D:\Cadence\SPB_16.6\tools\libutil\bin;D:\Cadence\SPB_16.6\tools\bin;D:\Cadence\SPB_16.6\tools\pcb\bin;C:\Users\Administrator\AppData\Local\Microsoft\WindowsApps;D:\altera\13.1\modelsim_ase\win32aloem;;D:\intelFPGA\17.1\modelsim_ase\win32aloem;E:/Xilinx/Vivado/2018.3\tps\mingw\6.2.0\win64.o\nt\bin;E:/Xilinx/Vivado/2018.3\tps\mingw\6.2.0\win64.o\nt\libexec\gcc\x86_64-w64-mingw32\6.2.0
USERNAME=Administrator
OS=Windows_NT
PROCESSOR_IDENTIFIER=Intel64 Family 6 Model 158 Stepping 9, GenuineIntel



---------------  S Y S T E M  ---------------

OS: Windows 10 , 64 bit Build 17134 (10.0.17134.648)

CPU:total 4 (initial active 4) (2 cores per cpu, 2 threads per core) family 6 model 158 stepping 9, cmov, cx8, fxsr, mmx, sse, sse2, sse3, ssse3, sse4.1, sse4.2, popcnt, avx, avx2, aes, clmul, erms, 3dnowpref, lzcnt, ht, tsc, tscinvbit, bmi1, bmi2, adx, fma

Memory: 4k page, physical 16667860k(8930828k free), swap 28202196k(17980632k free)

vm_info: Java HotSpot(TM) 64-Bit Server VM (9.0.4+11) for windows-amd64 JRE (9.0.4+11), built on Dec 20 2017 02:18:54 by "mach5one" with MS VC++ 12.0 (VS2013)

END.
