#-----------------------------------------------------------
# Vivado v2018.3 (64-bit)
# SW Build 2405991 on Thu Dec  6 23:38:27 MST 2018
# IP Build 2404404 on Fri Dec  7 01:43:56 MST 2018
# Start of session at: Fri Dec 25 17:10:14 2020
# Process ID: 17096
# Current directory: C:/Users/admin/Desktop/FPGA_PUF
# Command line: vivado.exe -gui_launcher_event rodinguilauncherevent24820 C:\Users\admin\Desktop\FPGA_PUF\Glitch_PUF.xpr
# Log file: C:/Users/admin/Desktop/FPGA_PUF/vivado.log
# Journal file: C:/Users/admin/Desktop/FPGA_PUF\vivado.jou
#-----------------------------------------------------------
start_gui
open_project C:/Users/admin/Desktop/FPGA_PUF/Glitch_PUF.xpr
Scanning sources...
Finished scanning sources
INFO: [IP_Flow 19-234] Refreshing IP repositories
INFO: [IP_Flow 19-1704] No user IP repositories specified
INFO: [IP_Flow 19-2313] Loaded Vivado IP repository 'E:/Vivado/Vivado/2018.3/data/ip'.
open_project: Time (s): cpu = 00:00:19 ; elapsed = 00:00:11 . Memory (MB): peak = 765.453 ; gain = 188.875
update_compile_order -fileset sources_1
exit
INFO: [Common 17-206] Exiting Vivado at Fri Dec 25 17:11:51 2020...
